2024-11-22 08:53:33.575 +02:00 [INF] Now listening on: http://localhost:5122
2024-11-22 08:53:34.044 +02:00 [INF] Application started. Press Ctrl+C to shut down.
2024-11-22 08:53:34.045 +02:00 [INF] Hosting environment: Development
2024-11-22 08:53:34.047 +02:00 [INF] Content root path: C:\Users\Chisale.s\source\repos\Biller\BillerServiceApi
2024-11-22 08:53:56.549 +02:00 [INF] Request starting HTTP/1.1 GET http://localhost:5122/swagger - null null
2024-11-22 08:53:59.112 +02:00 [INF] Request finished HTTP/1.1 GET http://localhost:5122/swagger - 301 0 null 2672.5158ms
2024-11-22 08:53:59.118 +02:00 [INF] Request starting HTTP/1.1 GET http://localhost:5122/swagger/index.html - null null
2024-11-22 08:53:59.272 +02:00 [INF] Request finished HTTP/1.1 GET http://localhost:5122/swagger/index.html - 200 null text/html;charset=utf-8 153.8942ms
2024-11-22 08:53:59.672 +02:00 [INF] Request starting HTTP/1.1 GET http://localhost:5122/swagger/swagger-ui-standalone-preset.js - null null
2024-11-22 08:53:59.672 +02:00 [INF] Request starting HTTP/1.1 GET http://localhost:5122/swagger/swagger-ui-bundle.js - null null
2024-11-22 08:53:59.673 +02:00 [INF] Request starting HTTP/1.1 GET http://localhost:5122/_framework/aspnetcore-browser-refresh.js - null null
2024-11-22 08:53:59.687 +02:00 [INF] Request finished HTTP/1.1 GET http://localhost:5122/_framework/aspnetcore-browser-refresh.js - 200 13784 application/javascript; charset=utf-8 14.1ms
2024-11-22 08:53:59.692 +02:00 [INF] Request starting HTTP/1.1 GET http://localhost:5122/_vs/browserLink - null null
2024-11-22 08:53:59.732 +02:00 [INF] Request starting HTTP/1.1 GET http://localhost:5122/swagger/swagger-ui.css - null null
2024-11-22 08:54:00.002 +02:00 [INF] Sending file. Request path: '/swagger-ui.css'. Physical path: 'N/A'
2024-11-22 08:54:00.016 +02:00 [INF] Request finished HTTP/1.1 GET http://localhost:5122/swagger/swagger-ui.css - 200 152034 text/css 284.1656ms
2024-11-22 08:54:00.062 +02:00 [INF] Sending file. Request path: '/swagger-ui-standalone-preset.js'. Physical path: 'N/A'
2024-11-22 08:54:00.065 +02:00 [INF] Request finished HTTP/1.1 GET http://localhost:5122/swagger/swagger-ui-standalone-preset.js - 200 230280 text/javascript 393.2175ms
2024-11-22 08:54:00.231 +02:00 [INF] Request finished HTTP/1.1 GET http://localhost:5122/_vs/browserLink - 200 null text/javascript; charset=UTF-8 539.4961ms
2024-11-22 08:54:00.288 +02:00 [INF] Sending file. Request path: '/swagger-ui-bundle.js'. Physical path: 'N/A'
2024-11-22 08:54:00.292 +02:00 [INF] Request finished HTTP/1.1 GET http://localhost:5122/swagger/swagger-ui-bundle.js - 200 1456926 text/javascript 622.2443ms
2024-11-22 08:54:00.504 +02:00 [INF] Request starting HTTP/1.1 GET http://localhost:5122/swagger/v1/swagger.json - null null
2024-11-22 08:54:00.592 +02:00 [INF] Request finished HTTP/1.1 GET http://localhost:5122/swagger/v1/swagger.json - 200 null application/json;charset=utf-8 87.839ms
2024-11-22 08:54:00.945 +02:00 [INF] Request starting HTTP/1.1 GET http://localhost:5122/swagger/favicon-32x32.png - null null
2024-11-22 08:54:00.959 +02:00 [INF] Sending file. Request path: '/favicon-32x32.png'. Physical path: 'N/A'
2024-11-22 08:54:00.964 +02:00 [INF] Request finished HTTP/1.1 GET http://localhost:5122/swagger/favicon-32x32.png - 200 628 image/png 18.6694ms
2024-11-22 08:54:24.474 +02:00 [INF] Request starting HTTP/1.1 POST http://localhost:5122/api/Recharge - application/json 50
2024-11-22 08:54:24.538 +02:00 [INF] Executing endpoint 'API.Controllers.RechargeController.Recharge (BillerServiceApi)'
2024-11-22 08:54:24.805 +02:00 [INF] Route matched with {action = "Recharge", controller = "Recharge"}. Executing controller action with signature System.Threading.Tasks.Task`1[Microsoft.AspNetCore.Mvc.IActionResult] Recharge(Core.Entities.RechargeRequest) on controller API.Controllers.RechargeController (BillerServiceApi).
2024-11-22 08:54:48.466 +02:00 [INF] Executing BadRequestObjectResult, writing value of type 'Core.Entities.RechargeResponse'.
2024-11-22 08:54:48.480 +02:00 [INF] Executed action API.Controllers.RechargeController.Recharge (BillerServiceApi) in 23666.4637ms
2024-11-22 08:54:48.482 +02:00 [INF] Executed endpoint 'API.Controllers.RechargeController.Recharge (BillerServiceApi)'
2024-11-22 08:54:48.484 +02:00 [INF] Request finished HTTP/1.1 POST http://localhost:5122/api/Recharge - 400 null application/json; charset=utf-8 24010.4583ms
2024-11-22 09:11:43.977 +02:00 [INF] Now listening on: http://localhost:5122
2024-11-22 09:11:44.132 +02:00 [INF] Application started. Press Ctrl+C to shut down.
2024-11-22 09:11:44.134 +02:00 [INF] Hosting environment: Development
2024-11-22 09:11:44.136 +02:00 [INF] Content root path: C:\Users\Chisale.s\source\repos\Biller\BillerServiceApi
2024-11-22 09:11:44.863 +02:00 [INF] Request starting HTTP/1.1 GET http://localhost:5122/swagger/index.html - null null
2024-11-22 09:11:47.646 +02:00 [INF] Request finished HTTP/1.1 GET http://localhost:5122/swagger/index.html - 200 null text/html;charset=utf-8 2782.1709ms
2024-11-22 09:11:47.753 +02:00 [INF] Request starting HTTP/1.1 GET http://localhost:5122/_framework/aspnetcore-browser-refresh.js - null null
2024-11-22 09:11:47.755 +02:00 [INF] Request starting HTTP/1.1 GET http://localhost:5122/_vs/browserLink - null null
2024-11-22 09:11:47.767 +02:00 [INF] Request finished HTTP/1.1 GET http://localhost:5122/_framework/aspnetcore-browser-refresh.js - 200 13784 application/javascript; charset=utf-8 13.5334ms
2024-11-22 09:11:47.794 +02:00 [INF] Request finished HTTP/1.1 GET http://localhost:5122/_vs/browserLink - 200 null text/javascript; charset=UTF-8 38.2123ms
2024-11-22 09:11:48.954 +02:00 [INF] Request starting HTTP/1.1 GET http://localhost:5122/swagger/v1/swagger.json - null null
2024-11-22 09:11:48.975 +02:00 [INF] Request finished HTTP/1.1 GET http://localhost:5122/swagger/v1/swagger.json - 200 null application/json;charset=utf-8 21.0189ms
2024-11-22 09:12:10.967 +02:00 [INF] Request starting HTTP/1.1 POST http://localhost:5122/api/Recharge - application/json 50
2024-11-22 09:12:10.991 +02:00 [INF] Executing endpoint 'API.Controllers.RechargeController.Recharge (BillerServiceApi)'
2024-11-22 09:12:11.018 +02:00 [INF] Route matched with {action = "Recharge", controller = "Recharge"}. Executing controller action with signature System.Threading.Tasks.Task`1[Microsoft.AspNetCore.Mvc.IActionResult] Recharge(Core.Entities.RechargeRequest) on controller API.Controllers.RechargeController (BillerServiceApi).
2024-11-22 09:12:32.200 +02:00 [INF] Executing BadRequestObjectResult, writing value of type 'Core.Entities.RechargeResponse'.
2024-11-22 09:12:32.211 +02:00 [INF] Executed action API.Controllers.RechargeController.Recharge (BillerServiceApi) in 21184.2212ms
2024-11-22 09:12:32.215 +02:00 [INF] Executed endpoint 'API.Controllers.RechargeController.Recharge (BillerServiceApi)'
2024-11-22 09:12:32.218 +02:00 [INF] Request finished HTTP/1.1 POST http://localhost:5122/api/Recharge - 400 null application/json; charset=utf-8 21250.798ms
2024-11-22 09:38:03.618 +02:00 [INF] Now listening on: http://localhost:5122
2024-11-22 09:38:03.943 +02:00 [INF] Application started. Press Ctrl+C to shut down.
2024-11-22 09:38:03.944 +02:00 [INF] Hosting environment: Development
2024-11-22 09:38:03.946 +02:00 [INF] Content root path: C:\Users\Chisale.s\source\repos\Biller\BillerServiceApi
2024-11-22 09:38:04.217 +02:00 [INF] Request starting HTTP/1.1 GET http://localhost:5122/swagger/index.html - null null
2024-11-22 09:38:05.119 +02:00 [INF] Request finished HTTP/1.1 GET http://localhost:5122/swagger/index.html - 200 null text/html;charset=utf-8 908.2627ms
2024-11-22 09:38:05.208 +02:00 [INF] Request starting HTTP/1.1 GET http://localhost:5122/_vs/browserLink - null null
2024-11-22 09:38:05.257 +02:00 [INF] Request starting HTTP/1.1 GET http://localhost:5122/_framework/aspnetcore-browser-refresh.js - null null
2024-11-22 09:38:05.262 +02:00 [INF] Request finished HTTP/1.1 GET http://localhost:5122/_framework/aspnetcore-browser-refresh.js - 200 13784 application/javascript; charset=utf-8 4.6612ms
2024-11-22 09:38:05.290 +02:00 [INF] Request finished HTTP/1.1 GET http://localhost:5122/_vs/browserLink - 200 null text/javascript; charset=UTF-8 82.4735ms
2024-11-22 09:38:05.850 +02:00 [INF] Request starting HTTP/1.1 GET http://localhost:5122/swagger/v1/swagger.json - null null
2024-11-22 09:38:05.862 +02:00 [INF] Request finished HTTP/1.1 GET http://localhost:5122/swagger/v1/swagger.json - 200 null application/json;charset=utf-8 12.0556ms
2024-11-22 09:39:12.019 +02:00 [INF] Request starting HTTP/1.1 GET http://localhost:5122/swagger/index.html - null null
2024-11-22 09:39:12.038 +02:00 [INF] Request finished HTTP/1.1 GET http://localhost:5122/swagger/index.html - 200 null text/html;charset=utf-8 19.1105ms
2024-11-22 09:39:14.219 +02:00 [INF] Request starting HTTP/1.1 GET http://localhost:5122/_framework/aspnetcore-browser-refresh.js - null null
2024-11-22 09:39:14.227 +02:00 [INF] Request finished HTTP/1.1 GET http://localhost:5122/_framework/aspnetcore-browser-refresh.js - 200 13784 application/javascript; charset=utf-8 8.1907ms
2024-11-22 09:39:14.346 +02:00 [INF] Request starting HTTP/1.1 GET http://localhost:5122/_vs/browserLink - null null
2024-11-22 09:39:14.362 +02:00 [INF] Request finished HTTP/1.1 GET http://localhost:5122/_vs/browserLink - 200 null text/javascript; charset=UTF-8 16.0662ms
2024-11-22 09:39:14.978 +02:00 [INF] Request starting HTTP/1.1 GET http://localhost:5122/swagger/v1/swagger.json - null null
2024-11-22 09:39:14.985 +02:00 [INF] Request finished HTTP/1.1 GET http://localhost:5122/swagger/v1/swagger.json - 200 null application/json;charset=utf-8 6.4702ms
2024-11-22 09:39:56.616 +02:00 [INF] Request starting HTTP/1.1 POST http://localhost:5122/api/Recharge - application/json 50
2024-11-22 09:39:56.682 +02:00 [INF] Executing endpoint 'API.Controllers.RechargeController.Recharge (BillerServiceApi)'
2024-11-22 09:39:56.839 +02:00 [INF] Route matched with {action = "Recharge", controller = "Recharge"}. Executing controller action with signature System.Threading.Tasks.Task`1[Microsoft.AspNetCore.Mvc.IActionResult] Recharge(Core.Entities.RechargeRequest) on controller API.Controllers.RechargeController (BillerServiceApi).
2024-11-22 09:40:18.169 +02:00 [INF] Executing BadRequestObjectResult, writing value of type 'Core.Entities.RechargeResponse'.
2024-11-22 09:40:18.182 +02:00 [INF] Executed action API.Controllers.RechargeController.Recharge (BillerServiceApi) in 21336.6336ms
2024-11-22 09:40:18.186 +02:00 [INF] Executed endpoint 'API.Controllers.RechargeController.Recharge (BillerServiceApi)'
2024-11-22 09:40:18.188 +02:00 [INF] Request finished HTTP/1.1 POST http://localhost:5122/api/Recharge - 400 null application/json; charset=utf-8 21572.0293ms
2024-11-22 09:55:34.008 +02:00 [INF] Now listening on: http://localhost:5122
2024-11-22 09:55:34.151 +02:00 [INF] Request starting HTTP/1.1 GET http://localhost:5122/swagger/index.html - null null
2024-11-22 09:55:34.248 +02:00 [INF] Application started. Press Ctrl+C to shut down.
2024-11-22 09:55:34.253 +02:00 [INF] Hosting environment: Development
2024-11-22 09:55:34.254 +02:00 [INF] Content root path: C:\Users\Chisale.s\source\repos\Biller\BillerServiceApi
2024-11-22 09:55:34.540 +02:00 [INF] Request finished HTTP/1.1 GET http://localhost:5122/swagger/index.html - 200 null text/html;charset=utf-8 391.2169ms
2024-11-22 09:55:34.550 +02:00 [INF] Request starting HTTP/1.1 GET http://localhost:5122/_vs/browserLink - null null
2024-11-22 09:55:34.551 +02:00 [INF] Request starting HTTP/1.1 GET http://localhost:5122/_framework/aspnetcore-browser-refresh.js - null null
2024-11-22 09:55:34.558 +02:00 [INF] Request finished HTTP/1.1 GET http://localhost:5122/_framework/aspnetcore-browser-refresh.js - 200 13784 application/javascript; charset=utf-8 7.126ms
2024-11-22 09:55:34.585 +02:00 [INF] Request finished HTTP/1.1 GET http://localhost:5122/_vs/browserLink - 200 null text/javascript; charset=UTF-8 34.478ms
2024-11-22 09:55:34.672 +02:00 [INF] Request starting HTTP/1.1 GET http://localhost:5122/swagger/v1/swagger.json - null null
2024-11-22 09:55:34.696 +02:00 [INF] Request finished HTTP/1.1 GET http://localhost:5122/swagger/v1/swagger.json - 200 null application/json;charset=utf-8 23.7998ms
2024-11-22 09:55:58.583 +02:00 [INF] Request starting HTTP/1.1 POST http://localhost:5122/api/Recharge - application/json 50
2024-11-22 09:55:58.607 +02:00 [INF] Executing endpoint 'API.Controllers.RechargeController.Recharge (BillerServiceApi)'
2024-11-22 09:55:58.653 +02:00 [INF] Route matched with {action = "Recharge", controller = "Recharge"}. Executing controller action with signature System.Threading.Tasks.Task`1[Microsoft.AspNetCore.Mvc.IActionResult] Recharge(Core.Entities.RechargeRequest) on controller API.Controllers.RechargeController (BillerServiceApi).
2024-11-22 09:56:19.810 +02:00 [INF] Executing BadRequestObjectResult, writing value of type 'Core.Entities.RechargeResponse'.
2024-11-22 09:56:19.821 +02:00 [INF] Executed action API.Controllers.RechargeController.Recharge (BillerServiceApi) in 21160.3567ms
2024-11-22 09:56:19.825 +02:00 [INF] Executed endpoint 'API.Controllers.RechargeController.Recharge (BillerServiceApi)'
2024-11-22 09:56:19.827 +02:00 [INF] Request finished HTTP/1.1 POST http://localhost:5122/api/Recharge - 400 null application/json; charset=utf-8 21244.2257ms
2024-11-22 10:02:39.501 +02:00 [INF] Now listening on: http://localhost:5122
2024-11-22 10:02:39.663 +02:00 [INF] Application started. Press Ctrl+C to shut down.
2024-11-22 10:02:39.665 +02:00 [INF] Hosting environment: Development
2024-11-22 10:02:39.667 +02:00 [INF] Content root path: C:\Users\Chisale.s\source\repos\Biller\BillerServiceApi
2024-11-22 10:02:40.037 +02:00 [INF] Request starting HTTP/1.1 GET http://localhost:5122/swagger/index.html - null null
2024-11-22 10:02:40.306 +02:00 [INF] Request finished HTTP/1.1 GET http://localhost:5122/swagger/index.html - 200 null text/html;charset=utf-8 270.5133ms
2024-11-22 10:02:40.314 +02:00 [INF] Request starting HTTP/1.1 GET http://localhost:5122/_framework/aspnetcore-browser-refresh.js - null null
2024-11-22 10:02:40.317 +02:00 [INF] Request starting HTTP/1.1 GET http://localhost:5122/_vs/browserLink - null null
2024-11-22 10:02:40.322 +02:00 [INF] Request finished HTTP/1.1 GET http://localhost:5122/_framework/aspnetcore-browser-refresh.js - 200 13784 application/javascript; charset=utf-8 7.9601ms
2024-11-22 10:02:40.350 +02:00 [INF] Request finished HTTP/1.1 GET http://localhost:5122/_vs/browserLink - 200 null text/javascript; charset=UTF-8 33.3618ms
2024-11-22 10:02:40.571 +02:00 [INF] Request starting HTTP/1.1 GET http://localhost:5122/swagger/v1/swagger.json - null null
2024-11-22 10:02:40.583 +02:00 [INF] Request finished HTTP/1.1 GET http://localhost:5122/swagger/v1/swagger.json - 200 null application/json;charset=utf-8 12.8807ms
2024-11-22 10:02:55.263 +02:00 [INF] Request starting HTTP/1.1 GET http://localhost:5122/swagger/index.html - null null
2024-11-22 10:02:55.276 +02:00 [INF] Request finished HTTP/1.1 GET http://localhost:5122/swagger/index.html - 200 null text/html;charset=utf-8 12.598ms
2024-11-22 10:02:55.301 +02:00 [INF] Request starting HTTP/1.1 GET http://localhost:5122/_framework/aspnetcore-browser-refresh.js - null null
2024-11-22 10:02:55.311 +02:00 [INF] Request finished HTTP/1.1 GET http://localhost:5122/_framework/aspnetcore-browser-refresh.js - 200 13784 application/javascript; charset=utf-8 10.7135ms
2024-11-22 10:02:55.325 +02:00 [INF] Request starting HTTP/1.1 GET http://localhost:5122/_vs/browserLink - null null
2024-11-22 10:02:55.356 +02:00 [INF] Request finished HTTP/1.1 GET http://localhost:5122/_vs/browserLink - 200 null text/javascript; charset=UTF-8 31.3382ms
2024-11-22 10:02:55.776 +02:00 [INF] Request starting HTTP/1.1 GET http://localhost:5122/swagger/v1/swagger.json - null null
2024-11-22 10:02:55.781 +02:00 [INF] Request finished HTTP/1.1 GET http://localhost:5122/swagger/v1/swagger.json - 200 null application/json;charset=utf-8 4.8266ms
2024-11-22 10:03:39.244 +02:00 [INF] Request starting HTTP/1.1 POST http://localhost:5122/api/Recharge - application/json 50
2024-11-22 10:03:39.266 +02:00 [INF] Executing endpoint 'API.Controllers.RechargeController.Recharge (BillerServiceApi)'
2024-11-22 10:03:39.295 +02:00 [INF] Route matched with {action = "Recharge", controller = "Recharge"}. Executing controller action with signature System.Threading.Tasks.Task`1[Microsoft.AspNetCore.Mvc.IActionResult] Recharge(Core.Entities.RechargeRequest) on controller API.Controllers.RechargeController (BillerServiceApi).
2024-11-22 10:04:00.466 +02:00 [INF] Executing BadRequestObjectResult, writing value of type 'Core.Entities.RechargeResponse'.
2024-11-22 10:04:00.487 +02:00 [INF] Executed action API.Controllers.RechargeController.Recharge (BillerServiceApi) in 21183.8951ms
2024-11-22 10:04:00.493 +02:00 [INF] Executed endpoint 'API.Controllers.RechargeController.Recharge (BillerServiceApi)'
2024-11-22 10:04:00.495 +02:00 [INF] Request finished HTTP/1.1 POST http://localhost:5122/api/Recharge - 400 null application/json; charset=utf-8 21251.2753ms
2024-11-22 10:04:30.925 +02:00 [INF] Request starting HTTP/1.1 POST http://localhost:5122/api/Recharge - application/json 50
2024-11-22 10:04:30.932 +02:00 [INF] Executing endpoint 'API.Controllers.RechargeController.Recharge (BillerServiceApi)'
2024-11-22 10:04:30.934 +02:00 [INF] Route matched with {action = "Recharge", controller = "Recharge"}. Executing controller action with signature System.Threading.Tasks.Task`1[Microsoft.AspNetCore.Mvc.IActionResult] Recharge(Core.Entities.RechargeRequest) on controller API.Controllers.RechargeController (BillerServiceApi).
2024-11-22 10:04:51.973 +02:00 [INF] Executing BadRequestObjectResult, writing value of type 'Core.Entities.RechargeResponse'.
2024-11-22 10:04:51.977 +02:00 [INF] Executed action API.Controllers.RechargeController.Recharge (BillerServiceApi) in 21040.4827ms
2024-11-22 10:04:51.979 +02:00 [INF] Executed endpoint 'API.Controllers.RechargeController.Recharge (BillerServiceApi)'
2024-11-22 10:04:51.981 +02:00 [INF] Request finished HTTP/1.1 POST http://localhost:5122/api/Recharge - 400 null application/json; charset=utf-8 21055.8378ms
2024-11-22 10:13:53.681 +02:00 [INF] Now listening on: http://localhost:5122
2024-11-22 10:13:53.840 +02:00 [INF] Application started. Press Ctrl+C to shut down.
2024-11-22 10:13:53.843 +02:00 [INF] Hosting environment: Development
2024-11-22 10:13:53.844 +02:00 [INF] Content root path: C:\Users\Chisale.s\source\repos\Biller\BillerServiceApi
2024-11-22 10:13:54.463 +02:00 [INF] Request starting HTTP/1.1 GET http://localhost:5122/swagger/index.html - null null
2024-11-22 10:13:54.750 +02:00 [INF] Request finished HTTP/1.1 GET http://localhost:5122/swagger/index.html - 200 null text/html;charset=utf-8 286.3142ms
2024-11-22 10:13:54.765 +02:00 [INF] Request starting HTTP/1.1 GET http://localhost:5122/_vs/browserLink - null null
2024-11-22 10:13:54.766 +02:00 [INF] Request starting HTTP/1.1 GET http://localhost:5122/_framework/aspnetcore-browser-refresh.js - null null
2024-11-22 10:13:54.774 +02:00 [INF] Request finished HTTP/1.1 GET http://localhost:5122/_framework/aspnetcore-browser-refresh.js - 200 13784 application/javascript; charset=utf-8 7.3006ms
2024-11-22 10:13:54.798 +02:00 [INF] Request finished HTTP/1.1 GET http://localhost:5122/_vs/browserLink - 200 null text/javascript; charset=UTF-8 32.4807ms
2024-11-22 10:13:55.631 +02:00 [INF] Request starting HTTP/1.1 GET http://localhost:5122/swagger/v1/swagger.json - null null
2024-11-22 10:13:55.643 +02:00 [INF] Request finished HTTP/1.1 GET http://localhost:5122/swagger/v1/swagger.json - 200 null application/json;charset=utf-8 12.0597ms
2024-11-22 10:14:43.285 +02:00 [INF] Request starting HTTP/1.1 POST http://localhost:5122/api/Recharge - text/xml 138
2024-11-22 10:14:43.331 +02:00 [INF] Executing endpoint 'API.Controllers.RechargeController.Recharge (BillerServiceApi)'
2024-11-22 10:14:43.361 +02:00 [INF] Route matched with {action = "Recharge", controller = "Recharge"}. Executing controller action with signature System.Threading.Tasks.Task`1[Microsoft.AspNetCore.Mvc.IActionResult] Recharge(Core.Entities.RechargeRequest) on controller API.Controllers.RechargeController (BillerServiceApi).
2024-11-22 10:14:43.444 +02:00 [INF] Executing ObjectResult, writing value of type 'Microsoft.AspNetCore.Mvc.ProblemDetails'.
2024-11-22 10:14:43.612 +02:00 [INF] Executed action API.Controllers.RechargeController.Recharge (BillerServiceApi) in 244.4069ms
2024-11-22 10:14:43.615 +02:00 [INF] Executed endpoint 'API.Controllers.RechargeController.Recharge (BillerServiceApi)'
2024-11-22 10:14:43.617 +02:00 [INF] Request finished HTTP/1.1 POST http://localhost:5122/api/Recharge - 415 null application/problem+json; charset=utf-8 332.5008ms
2024-11-22 10:39:17.668 +02:00 [INF] Now listening on: http://localhost:5122
2024-11-22 10:39:17.820 +02:00 [INF] Application started. Press Ctrl+C to shut down.
2024-11-22 10:39:17.823 +02:00 [INF] Hosting environment: Development
2024-11-22 10:39:17.824 +02:00 [INF] Content root path: C:\Users\Chisale.s\source\repos\Biller\BillerServiceApi
2024-11-22 10:39:18.188 +02:00 [INF] Request starting HTTP/1.1 GET http://localhost:5122/swagger/index.html - null null
2024-11-22 10:39:18.774 +02:00 [INF] Request finished HTTP/1.1 GET http://localhost:5122/swagger/index.html - 200 null text/html;charset=utf-8 588.5145ms
2024-11-22 10:39:18.960 +02:00 [INF] Request starting HTTP/1.1 GET http://localhost:5122/_framework/aspnetcore-browser-refresh.js - null null
2024-11-22 10:39:18.960 +02:00 [INF] Request starting HTTP/1.1 GET http://localhost:5122/_vs/browserLink - null null
2024-11-22 10:39:18.968 +02:00 [INF] Request finished HTTP/1.1 GET http://localhost:5122/_framework/aspnetcore-browser-refresh.js - 200 13784 application/javascript; charset=utf-8 7.4597ms
2024-11-22 10:39:18.995 +02:00 [INF] Request finished HTTP/1.1 GET http://localhost:5122/_vs/browserLink - 200 null text/javascript; charset=UTF-8 35.4167ms
2024-11-22 10:39:19.699 +02:00 [INF] Request starting HTTP/1.1 GET http://localhost:5122/swagger/v1/swagger.json - null null
2024-11-22 10:39:19.712 +02:00 [INF] Request finished HTTP/1.1 GET http://localhost:5122/swagger/v1/swagger.json - 200 null application/json;charset=utf-8 12.474ms
2024-11-22 10:39:32.321 +02:00 [INF] Request starting HTTP/1.1 GET http://localhost:5122/swagger/index.html - null null
2024-11-22 10:39:32.331 +02:00 [INF] Request finished HTTP/1.1 GET http://localhost:5122/swagger/index.html - 200 null text/html;charset=utf-8 10.5662ms
2024-11-22 10:39:32.716 +02:00 [INF] Request starting HTTP/1.1 GET http://localhost:5122/_framework/aspnetcore-browser-refresh.js - null null
2024-11-22 10:39:32.720 +02:00 [INF] Request finished HTTP/1.1 GET http://localhost:5122/_framework/aspnetcore-browser-refresh.js - 200 13784 application/javascript; charset=utf-8 4.1651ms
2024-11-22 10:39:33.917 +02:00 [INF] Request starting HTTP/1.1 GET http://localhost:5122/_vs/browserLink - null null
2024-11-22 10:39:33.941 +02:00 [INF] Request finished HTTP/1.1 GET http://localhost:5122/_vs/browserLink - 200 null text/javascript; charset=UTF-8 24.0905ms
2024-11-22 10:39:34.833 +02:00 [INF] Request starting HTTP/1.1 GET http://localhost:5122/swagger/v1/swagger.json - null null
2024-11-22 10:39:34.842 +02:00 [INF] Request finished HTTP/1.1 GET http://localhost:5122/swagger/v1/swagger.json - 200 null application/json;charset=utf-8 9.2682ms
2024-11-22 10:39:58.464 +02:00 [INF] Request starting HTTP/1.1 POST http://localhost:5122/api/Recharge - application/json 51
2024-11-22 10:39:58.486 +02:00 [INF] Executing endpoint 'API.Controllers.RechargeController.Recharge (BillerServiceApi)'
2024-11-22 10:39:58.513 +02:00 [INF] Route matched with {action = "Recharge", controller = "Recharge"}. Executing controller action with signature System.Threading.Tasks.Task`1[Microsoft.AspNetCore.Mvc.IActionResult] Recharge(Core.Entities.RechargeRequest) on controller API.Controllers.RechargeController (BillerServiceApi).
2024-11-22 10:40:20.022 +02:00 [INF] Executing BadRequestObjectResult, writing value of type 'Core.Entities.RechargeResponse'.
2024-11-22 10:40:20.034 +02:00 [INF] Executed action API.Controllers.RechargeController.Recharge (BillerServiceApi) in 21511.6917ms
2024-11-22 10:40:20.037 +02:00 [INF] Executed endpoint 'API.Controllers.RechargeController.Recharge (BillerServiceApi)'
2024-11-22 10:40:20.039 +02:00 [INF] Request finished HTTP/1.1 POST http://localhost:5122/api/Recharge - 400 null application/json; charset=utf-8 21575.0234ms
2024-11-22 10:48:22.178 +02:00 [INF] Now listening on: http://localhost:5122
2024-11-22 10:48:22.514 +02:00 [INF] Application started. Press Ctrl+C to shut down.
2024-11-22 10:48:22.515 +02:00 [INF] Hosting environment: Development
2024-11-22 10:48:22.516 +02:00 [INF] Content root path: C:\Users\Chisale.s\source\repos\Biller\BillerServiceApi
2024-11-22 10:48:41.671 +02:00 [INF] Request starting HTTP/1.1 GET http://localhost:5122/swagger/index.html - null null
2024-11-22 10:48:41.966 +02:00 [INF] Request finished HTTP/1.1 GET http://localhost:5122/swagger/index.html - 200 null text/html;charset=utf-8 296.2014ms
2024-11-22 10:48:41.983 +02:00 [INF] Request starting HTTP/1.1 GET http://localhost:5122/_framework/aspnetcore-browser-refresh.js - null null
2024-11-22 10:48:41.991 +02:00 [INF] Request starting HTTP/1.1 GET http://localhost:5122/_vs/browserLink - null null
2024-11-22 10:48:42.003 +02:00 [INF] Request finished HTTP/1.1 GET http://localhost:5122/_framework/aspnetcore-browser-refresh.js - 200 13784 application/javascript; charset=utf-8 19.7664ms
2024-11-22 10:48:42.058 +02:00 [INF] Request finished HTTP/1.1 GET http://localhost:5122/_vs/browserLink - 200 null text/javascript; charset=UTF-8 67.3183ms
2024-11-22 10:48:43.018 +02:00 [INF] Request starting HTTP/1.1 GET http://localhost:5122/swagger/v1/swagger.json - null null
2024-11-22 10:48:43.033 +02:00 [INF] Request finished HTTP/1.1 GET http://localhost:5122/swagger/v1/swagger.json - 200 null application/json;charset=utf-8 14.6571ms
2024-11-22 10:49:09.869 +02:00 [INF] Request starting HTTP/1.1 POST http://localhost:5122/api/Recharge - application/json 51
2024-11-22 10:49:09.893 +02:00 [INF] Executing endpoint 'API.Controllers.RechargeController.Recharge (BillerServiceApi)'
2024-11-22 10:49:09.922 +02:00 [INF] Route matched with {action = "Recharge", controller = "Recharge"}. Executing controller action with signature System.Threading.Tasks.Task`1[Microsoft.AspNetCore.Mvc.IActionResult] Recharge(Core.Entities.RechargeRequest) on controller API.Controllers.RechargeController (BillerServiceApi).
2024-11-22 10:49:31.086 +02:00 [INF] Executing BadRequestObjectResult, writing value of type 'Core.Entities.RechargeResponse'.
2024-11-22 10:49:31.097 +02:00 [INF] Executed action API.Controllers.RechargeController.Recharge (BillerServiceApi) in 21167.5053ms
2024-11-22 10:49:31.101 +02:00 [INF] Executed endpoint 'API.Controllers.RechargeController.Recharge (BillerServiceApi)'
2024-11-22 10:49:31.103 +02:00 [INF] Request finished HTTP/1.1 POST http://localhost:5122/api/Recharge - 400 null application/json; charset=utf-8 21234.5581ms
2024-11-22 11:00:35.732 +02:00 [INF] Now listening on: http://localhost:5122
2024-11-22 11:00:35.884 +02:00 [INF] Application started. Press Ctrl+C to shut down.
2024-11-22 11:00:35.886 +02:00 [INF] Hosting environment: Development
2024-11-22 11:00:35.887 +02:00 [INF] Content root path: C:\Users\Chisale.s\source\repos\Biller\BillerServiceApi
2024-11-22 11:00:36.693 +02:00 [INF] Request starting HTTP/1.1 GET http://localhost:5122/swagger/index.html - null null
2024-11-22 11:00:36.978 +02:00 [INF] Request finished HTTP/1.1 GET http://localhost:5122/swagger/index.html - 200 null text/html;charset=utf-8 285.8499ms
2024-11-22 11:00:36.994 +02:00 [INF] Request starting HTTP/1.1 GET http://localhost:5122/_vs/browserLink - null null
2024-11-22 11:00:36.996 +02:00 [INF] Request starting HTTP/1.1 GET http://localhost:5122/_framework/aspnetcore-browser-refresh.js - null null
2024-11-22 11:00:37.002 +02:00 [INF] Request finished HTTP/1.1 GET http://localhost:5122/_framework/aspnetcore-browser-refresh.js - 200 13784 application/javascript; charset=utf-8 5.0939ms
2024-11-22 11:00:37.028 +02:00 [INF] Request finished HTTP/1.1 GET http://localhost:5122/_vs/browserLink - 200 null text/javascript; charset=UTF-8 34.1101ms
2024-11-22 11:00:37.132 +02:00 [INF] Request starting HTTP/1.1 GET http://localhost:5122/swagger/v1/swagger.json - null null
2024-11-22 11:00:37.144 +02:00 [INF] Request finished HTTP/1.1 GET http://localhost:5122/swagger/v1/swagger.json - 200 null application/json;charset=utf-8 12.2733ms
2024-11-22 11:01:36.175 +02:00 [INF] Request starting HTTP/1.1 POST http://localhost:5122/api/Recharge - application/json 49
2024-11-22 11:01:36.200 +02:00 [INF] Executing endpoint 'API.Controllers.RechargeController.Recharge (BillerServiceApi)'
2024-11-22 11:01:36.229 +02:00 [INF] Route matched with {action = "Recharge", controller = "Recharge"}. Executing controller action with signature System.Threading.Tasks.Task`1[Microsoft.AspNetCore.Mvc.IActionResult] Recharge(Core.Entities.RechargeRequest) on controller API.Controllers.RechargeController (BillerServiceApi).
2024-11-22 11:01:57.394 +02:00 [INF] Executing BadRequestObjectResult, writing value of type 'Core.Entities.RechargeResponse'.
2024-11-22 11:01:57.406 +02:00 [INF] Executed action API.Controllers.RechargeController.Recharge (BillerServiceApi) in 21170.5568ms
2024-11-22 11:01:57.409 +02:00 [INF] Executed endpoint 'API.Controllers.RechargeController.Recharge (BillerServiceApi)'
2024-11-22 11:01:57.412 +02:00 [INF] Request finished HTTP/1.1 POST http://localhost:5122/api/Recharge - 400 null application/json; charset=utf-8 21236.534ms
2024-11-22 11:15:05.181 +02:00 [INF] Now listening on: http://localhost:5122
2024-11-22 11:15:05.331 +02:00 [INF] Application started. Press Ctrl+C to shut down.
2024-11-22 11:15:05.333 +02:00 [INF] Hosting environment: Development
2024-11-22 11:15:05.335 +02:00 [INF] Content root path: C:\Users\Chisale.s\source\repos\Biller\BillerServiceApi
2024-11-22 11:15:06.003 +02:00 [INF] Request starting HTTP/1.1 GET http://localhost:5122/swagger/index.html - null null
2024-11-22 11:15:06.290 +02:00 [INF] Request finished HTTP/1.1 GET http://localhost:5122/swagger/index.html - 200 null text/html;charset=utf-8 283.9587ms
2024-11-22 11:15:06.305 +02:00 [INF] Request starting HTTP/1.1 GET http://localhost:5122/_vs/browserLink - null null
2024-11-22 11:15:06.309 +02:00 [INF] Request starting HTTP/1.1 GET http://localhost:5122/_framework/aspnetcore-browser-refresh.js - null null
2024-11-22 11:15:06.316 +02:00 [INF] Request finished HTTP/1.1 GET http://localhost:5122/_framework/aspnetcore-browser-refresh.js - 200 13784 application/javascript; charset=utf-8 6.9074ms
2024-11-22 11:15:06.344 +02:00 [INF] Request finished HTTP/1.1 GET http://localhost:5122/_vs/browserLink - 200 null text/javascript; charset=UTF-8 38.226ms
2024-11-22 11:15:08.537 +02:00 [INF] Request starting HTTP/1.1 GET http://localhost:5122/swagger/v1/swagger.json - null null
2024-11-22 11:15:08.553 +02:00 [INF] Request finished HTTP/1.1 GET http://localhost:5122/swagger/v1/swagger.json - 200 null application/json;charset=utf-8 15.951ms
2024-11-22 11:15:52.219 +02:00 [INF] Request starting HTTP/1.1 POST http://localhost:5122/api/Recharge - application/json 50
2024-11-22 11:15:52.245 +02:00 [INF] Executing endpoint 'API.Controllers.RechargeController.Recharge (BillerServiceApi)'
2024-11-22 11:15:52.275 +02:00 [INF] Route matched with {action = "Recharge", controller = "Recharge"}. Executing controller action with signature System.Threading.Tasks.Task`1[Microsoft.AspNetCore.Mvc.IActionResult] Recharge(Core.Entities.RechargeRequest) on controller API.Controllers.RechargeController (BillerServiceApi).
2024-11-22 11:15:52.493 +02:00 [INF] Executed action API.Controllers.RechargeController.Recharge (BillerServiceApi) in 211.2918ms
2024-11-22 11:15:52.502 +02:00 [INF] Executed endpoint 'API.Controllers.RechargeController.Recharge (BillerServiceApi)'
2024-11-22 11:15:52.519 +02:00 [ERR] An unhandled exception has occurred while executing the request.
System.Xml.XmlException: Root element is missing.
   at System.Xml.XmlTextReaderImpl.Throw(Exception e)
   at System.Xml.XmlTextReaderImpl.ThrowWithoutLineInfo(String res)
   at System.Xml.XmlTextReaderImpl.ParseDocumentContent()
   at System.Xml.Linq.XDocument.Load(XmlReader reader, LoadOptions options)
   at System.Xml.Linq.XDocument.Parse(String text, LoadOptions options)
   at Infrastructure.Services.RechargeService.PerformRechargeAsync(RechargeRequest request) in C:\Users\Chisale.s\source\repos\Biller\Infrastructure\Services\RechargeService.cs:line 34
   at API.Controllers.RechargeController.Recharge(RechargeRequest request) in C:\Users\Chisale.s\source\repos\Biller\BillerServiceApi\Controllers\RechargeController.cs:line 23
   at Microsoft.AspNetCore.Mvc.Infrastructure.ActionMethodExecutor.TaskOfIActionResultExecutor.Execute(ActionContext actionContext, IActionResultTypeMapper mapper, ObjectMethodExecutor executor, Object controller, Object[] arguments)
   at Microsoft.AspNetCore.Mvc.Infrastructure.ControllerActionInvoker.<InvokeActionMethodAsync>g__Awaited|12_0(ControllerActionInvoker invoker, ValueTask`1 actionResultValueTask)
   at Microsoft.AspNetCore.Mvc.Infrastructure.ControllerActionInvoker.<InvokeNextActionFilterAsync>g__Awaited|10_0(ControllerActionInvoker invoker, Task lastTask, State next, Scope scope, Object state, Boolean isCompleted)
   at Microsoft.AspNetCore.Mvc.Infrastructure.ControllerActionInvoker.Rethrow(ActionExecutedContextSealed context)
   at Microsoft.AspNetCore.Mvc.Infrastructure.ControllerActionInvoker.Next(State& next, Scope& scope, Object& state, Boolean& isCompleted)
   at Microsoft.AspNetCore.Mvc.Infrastructure.ControllerActionInvoker.InvokeInnerFilterAsync()
--- End of stack trace from previous location ---
   at Microsoft.AspNetCore.Mvc.Infrastructure.ResourceInvoker.<InvokeNextResourceFilter>g__Awaited|25_0(ResourceInvoker invoker, Task lastTask, State next, Scope scope, Object state, Boolean isCompleted)
   at Microsoft.AspNetCore.Mvc.Infrastructure.ResourceInvoker.Rethrow(ResourceExecutedContextSealed context)
   at Microsoft.AspNetCore.Mvc.Infrastructure.ResourceInvoker.Next(State& next, Scope& scope, Object& state, Boolean& isCompleted)
   at Microsoft.AspNetCore.Mvc.Infrastructure.ResourceInvoker.InvokeFilterPipelineAsync()
--- End of stack trace from previous location ---
   at Microsoft.AspNetCore.Mvc.Infrastructure.ResourceInvoker.<InvokeAsync>g__Logged|17_1(ResourceInvoker invoker)
   at Microsoft.AspNetCore.Mvc.Infrastructure.ResourceInvoker.<InvokeAsync>g__Logged|17_1(ResourceInvoker invoker)
   at Microsoft.AspNetCore.Routing.EndpointMiddleware.<Invoke>g__AwaitRequestTask|7_0(Endpoint endpoint, Task requestTask, ILogger logger)
   at Swashbuckle.AspNetCore.SwaggerUI.SwaggerUIMiddleware.Invoke(HttpContext httpContext)
   at Swashbuckle.AspNetCore.Swagger.SwaggerMiddleware.Invoke(HttpContext httpContext, ISwaggerProvider swaggerProvider)
   at Microsoft.AspNetCore.Diagnostics.DeveloperExceptionPageMiddlewareImpl.Invoke(HttpContext context)
2024-11-22 11:15:52.914 +02:00 [INF] Request finished HTTP/1.1 POST http://localhost:5122/api/Recharge - 500 null text/plain; charset=utf-8 694.7401ms
2024-11-22 11:29:25.271 +02:00 [INF] Now listening on: http://localhost:5122
2024-11-22 11:29:25.342 +02:00 [INF] Request starting HTTP/1.1 GET http://localhost:5122/swagger/index.html - null null
2024-11-22 11:29:25.442 +02:00 [INF] Application started. Press Ctrl+C to shut down.
2024-11-22 11:29:25.445 +02:00 [INF] Hosting environment: Development
2024-11-22 11:29:25.446 +02:00 [INF] Content root path: C:\Users\Chisale.s\source\repos\Biller\BillerServiceApi
2024-11-22 11:29:26.152 +02:00 [INF] Request finished HTTP/1.1 GET http://localhost:5122/swagger/index.html - 200 null text/html;charset=utf-8 811.3082ms
2024-11-22 11:29:28.534 +02:00 [INF] Request starting HTTP/1.1 GET http://localhost:5122/_framework/aspnetcore-browser-refresh.js - null null
2024-11-22 11:29:28.534 +02:00 [INF] Request starting HTTP/1.1 GET http://localhost:5122/_vs/browserLink - null null
2024-11-22 11:29:28.542 +02:00 [INF] Request finished HTTP/1.1 GET http://localhost:5122/_framework/aspnetcore-browser-refresh.js - 200 13784 application/javascript; charset=utf-8 7.8807ms
2024-11-22 11:29:28.633 +02:00 [INF] Request finished HTTP/1.1 GET http://localhost:5122/_vs/browserLink - 200 null text/javascript; charset=UTF-8 98.8598ms
2024-11-22 11:29:29.654 +02:00 [INF] Request starting HTTP/1.1 GET http://localhost:5122/swagger/v1/swagger.json - null null
2024-11-22 11:29:29.671 +02:00 [INF] Request finished HTTP/1.1 GET http://localhost:5122/swagger/v1/swagger.json - 200 null application/json;charset=utf-8 17.053ms
2024-11-22 11:34:22.331 +02:00 [INF] Now listening on: http://localhost:5122
2024-11-22 11:34:22.525 +02:00 [INF] Application started. Press Ctrl+C to shut down.
2024-11-22 11:34:22.528 +02:00 [INF] Hosting environment: Development
2024-11-22 11:34:22.530 +02:00 [INF] Content root path: C:\Users\Chisale.s\source\repos\Biller\BillerServiceApi
2024-11-22 11:34:31.770 +02:00 [INF] Request starting HTTP/1.1 GET http://localhost:5122/swagger/index.html - null null
2024-11-22 11:34:33.179 +02:00 [INF] Request finished HTTP/1.1 GET http://localhost:5122/swagger/index.html - 200 null text/html;charset=utf-8 1720.5958ms
2024-11-22 11:34:33.195 +02:00 [INF] Request starting HTTP/1.1 GET http://localhost:5122/_framework/aspnetcore-browser-refresh.js - null null
2024-11-22 11:34:33.201 +02:00 [INF] Request finished HTTP/1.1 GET http://localhost:5122/_framework/aspnetcore-browser-refresh.js - 200 13784 application/javascript; charset=utf-8 6.4173ms
2024-11-22 11:34:33.338 +02:00 [INF] Request starting HTTP/1.1 GET http://localhost:5122/_vs/browserLink - null null
2024-11-22 11:34:33.406 +02:00 [INF] Request finished HTTP/1.1 GET http://localhost:5122/_vs/browserLink - 200 null text/javascript; charset=UTF-8 68.0988ms
2024-11-22 11:34:33.813 +02:00 [INF] Request starting HTTP/1.1 GET http://localhost:5122/swagger/v1/swagger.json - null null
2024-11-22 11:34:34.213 +02:00 [INF] Request finished HTTP/1.1 GET http://localhost:5122/swagger/v1/swagger.json - 200 null application/json;charset=utf-8 399.9545ms
2024-11-22 11:34:57.907 +02:00 [INF] Request starting HTTP/1.1 POST http://localhost:5122/api/Recharge - application/json 49
2024-11-22 11:34:58.176 +02:00 [INF] Executing endpoint 'API.Controllers.RechargeController.Recharge (BillerServiceApi)'
2024-11-22 11:34:58.242 +02:00 [INF] Route matched with {action = "Recharge", controller = "Recharge"}. Executing controller action with signature System.Threading.Tasks.Task`1[Microsoft.AspNetCore.Mvc.IActionResult] Recharge(Core.Entities.RechargeRequest) on controller API.Controllers.RechargeController (BillerServiceApi).
2024-11-22 11:35:21.745 +02:00 [INF] Executing BadRequestObjectResult, writing value of type 'Core.Entities.RechargeResponse'.
2024-11-22 11:35:21.759 +02:00 [INF] Executed action API.Controllers.RechargeController.Recharge (BillerServiceApi) in 23508.327ms
2024-11-22 11:35:21.762 +02:00 [INF] Executed endpoint 'API.Controllers.RechargeController.Recharge (BillerServiceApi)'
2024-11-22 11:35:21.765 +02:00 [INF] Request finished HTTP/1.1 POST http://localhost:5122/api/Recharge - 400 null application/json; charset=utf-8 23858.4348ms
2024-11-22 11:41:26.233 +02:00 [INF] Now listening on: http://localhost:5122
2024-11-22 11:41:26.392 +02:00 [INF] Application started. Press Ctrl+C to shut down.
2024-11-22 11:41:26.395 +02:00 [INF] Hosting environment: Development
2024-11-22 11:41:26.396 +02:00 [INF] Content root path: C:\Users\Chisale.s\source\repos\Biller\BillerServiceApi
2024-11-22 11:41:27.196 +02:00 [INF] Request starting HTTP/1.1 GET http://localhost:5122/swagger/index.html - null null
2024-11-22 11:41:27.475 +02:00 [INF] Request finished HTTP/1.1 GET http://localhost:5122/swagger/index.html - 200 null text/html;charset=utf-8 279.0956ms
2024-11-22 11:41:27.707 +02:00 [INF] Request starting HTTP/1.1 GET http://localhost:5122/_framework/aspnetcore-browser-refresh.js - null null
2024-11-22 11:41:27.708 +02:00 [INF] Request starting HTTP/1.1 GET http://localhost:5122/_vs/browserLink - null null
2024-11-22 11:41:27.717 +02:00 [INF] Request finished HTTP/1.1 GET http://localhost:5122/_framework/aspnetcore-browser-refresh.js - 200 13784 application/javascript; charset=utf-8 9.2451ms
2024-11-22 11:41:27.754 +02:00 [INF] Request finished HTTP/1.1 GET http://localhost:5122/_vs/browserLink - 200 null text/javascript; charset=UTF-8 46.4078ms
2024-11-22 11:41:27.864 +02:00 [INF] Request starting HTTP/1.1 GET http://localhost:5122/swagger/v1/swagger.json - null null
2024-11-22 11:41:27.875 +02:00 [INF] Request finished HTTP/1.1 GET http://localhost:5122/swagger/v1/swagger.json - 200 null application/json;charset=utf-8 10.4601ms
2024-11-22 11:41:49.206 +02:00 [INF] Request starting HTTP/1.1 POST http://localhost:5122/api/Recharge - application/json 49
2024-11-22 11:41:49.227 +02:00 [INF] Executing endpoint 'API.Controllers.RechargeController.Recharge (BillerServiceApi)'
2024-11-22 11:41:49.257 +02:00 [INF] Route matched with {action = "Recharge", controller = "Recharge"}. Executing controller action with signature System.Threading.Tasks.Task`1[Microsoft.AspNetCore.Mvc.IActionResult] Recharge(Core.Entities.RechargeRequest) on controller API.Controllers.RechargeController (BillerServiceApi).
2024-11-22 11:42:10.430 +02:00 [INF] Executing BadRequestObjectResult, writing value of type 'Core.Entities.RechargeResponse'.
2024-11-22 11:42:10.440 +02:00 [INF] Executed action API.Controllers.RechargeController.Recharge (BillerServiceApi) in 21176.2514ms
2024-11-22 11:42:10.443 +02:00 [INF] Executed endpoint 'API.Controllers.RechargeController.Recharge (BillerServiceApi)'
2024-11-22 11:42:10.446 +02:00 [INF] Request finished HTTP/1.1 POST http://localhost:5122/api/Recharge - 400 null application/json; charset=utf-8 21241.0988ms
2024-11-22 11:48:49.723 +02:00 [INF] Request starting HTTP/1.1 POST http://localhost:5122/api/Recharge - application/json 49
2024-11-22 11:48:49.731 +02:00 [INF] Executing endpoint 'API.Controllers.RechargeController.Recharge (BillerServiceApi)'
2024-11-22 11:48:49.733 +02:00 [INF] Route matched with {action = "Recharge", controller = "Recharge"}. Executing controller action with signature System.Threading.Tasks.Task`1[Microsoft.AspNetCore.Mvc.IActionResult] Recharge(Core.Entities.RechargeRequest) on controller API.Controllers.RechargeController (BillerServiceApi).
2024-11-22 11:49:10.790 +02:00 [INF] Executing BadRequestObjectResult, writing value of type 'Core.Entities.RechargeResponse'.
2024-11-22 11:49:10.795 +02:00 [INF] Executed action API.Controllers.RechargeController.Recharge (BillerServiceApi) in 21060.375ms
2024-11-22 11:49:10.797 +02:00 [INF] Executed endpoint 'API.Controllers.RechargeController.Recharge (BillerServiceApi)'
2024-11-22 11:49:10.798 +02:00 [INF] Request finished HTTP/1.1 POST http://localhost:5122/api/Recharge - 400 null application/json; charset=utf-8 21075.604ms
2024-11-22 12:09:27.335 +02:00 [INF] Now listening on: http://localhost:5122
2024-11-22 12:09:27.562 +02:00 [INF] Application started. Press Ctrl+C to shut down.
2024-11-22 12:09:27.564 +02:00 [INF] Hosting environment: Development
2024-11-22 12:09:27.565 +02:00 [INF] Content root path: C:\Users\Chisale.s\source\repos\Biller\BillerServiceApi
2024-11-22 12:09:35.652 +02:00 [INF] Request starting HTTP/1.1 GET http://localhost:5122/swagger - null null
2024-11-22 12:09:38.647 +02:00 [INF] Request finished HTTP/1.1 GET http://localhost:5122/swagger - 301 0 null 2994.7607ms
2024-11-22 12:09:38.758 +02:00 [INF] Request starting HTTP/1.1 GET http://localhost:5122/swagger/index.html - null null
2024-11-22 12:09:38.837 +02:00 [INF] Request finished HTTP/1.1 GET http://localhost:5122/swagger/index.html - 200 null text/html;charset=utf-8 79.3103ms
2024-11-22 12:09:39.662 +02:00 [INF] Request starting HTTP/1.1 GET http://localhost:5122/swagger/swagger-ui-bundle.js - null null
2024-11-22 12:09:39.662 +02:00 [INF] Request starting HTTP/1.1 GET http://localhost:5122/swagger/swagger-ui.css - null null
2024-11-22 12:09:39.663 +02:00 [INF] Request starting HTTP/1.1 GET http://localhost:5122/swagger/swagger-ui-standalone-preset.js - null null
2024-11-22 12:09:39.664 +02:00 [INF] Request starting HTTP/1.1 GET http://localhost:5122/_vs/browserLink - null null
2024-11-22 12:09:39.664 +02:00 [INF] Request starting HTTP/1.1 GET http://localhost:5122/_framework/aspnetcore-browser-refresh.js - null null
2024-11-22 12:09:39.683 +02:00 [INF] Request finished HTTP/1.1 GET http://localhost:5122/_framework/aspnetcore-browser-refresh.js - 200 13784 application/javascript; charset=utf-8 18.9759ms
2024-11-22 12:09:39.695 +02:00 [INF] Sending file. Request path: '/swagger-ui.css'. Physical path: 'N/A'
2024-11-22 12:09:39.695 +02:00 [INF] Sending file. Request path: '/swagger-ui-standalone-preset.js'. Physical path: 'N/A'
2024-11-22 12:09:39.699 +02:00 [INF] Request finished HTTP/1.1 GET http://localhost:5122/swagger/swagger-ui.css - 200 152034 text/css 37.0487ms
2024-11-22 12:09:39.700 +02:00 [INF] Request finished HTTP/1.1 GET http://localhost:5122/swagger/swagger-ui-standalone-preset.js - 200 230280 text/javascript 36.5004ms
2024-11-22 12:09:39.747 +02:00 [INF] Sending file. Request path: '/swagger-ui-bundle.js'. Physical path: 'N/A'
2024-11-22 12:09:39.752 +02:00 [INF] Request finished HTTP/1.1 GET http://localhost:5122/swagger/swagger-ui-bundle.js - 200 1456926 text/javascript 89.694ms
2024-11-22 12:09:40.361 +02:00 [INF] Request finished HTTP/1.1 GET http://localhost:5122/_vs/browserLink - 200 null text/javascript; charset=UTF-8 696.6509ms
2024-11-22 12:09:41.023 +02:00 [INF] Request starting HTTP/1.1 GET http://localhost:5122/swagger/v1/swagger.json - null null
2024-11-22 12:09:41.033 +02:00 [INF] Request finished HTTP/1.1 GET http://localhost:5122/swagger/v1/swagger.json - 200 null application/json;charset=utf-8 10.1272ms
2024-11-22 12:10:18.859 +02:00 [INF] Request starting HTTP/1.1 POST http://localhost:5122/api/Recharge - application/json 49
2024-11-22 12:10:18.886 +02:00 [INF] Executing endpoint 'API.Controllers.RechargeController.Recharge (BillerServiceApi)'
2024-11-22 12:10:18.920 +02:00 [INF] Route matched with {action = "Recharge", controller = "Recharge"}. Executing controller action with signature System.Threading.Tasks.Task`1[Microsoft.AspNetCore.Mvc.IActionResult] Recharge(Core.Entities.RechargeRequest) on controller API.Controllers.RechargeController (BillerServiceApi).
2024-11-22 19:38:44.493 +02:00 [INF] Executing BadRequestObjectResult, writing value of type 'Core.Entities.RechargeResponse'.
2024-11-22 19:38:44.505 +02:00 [INF] Executed action API.Controllers.RechargeController.Recharge (BillerServiceApi) in 21168.3678ms
2024-11-22 19:38:44.509 +02:00 [INF] Executed endpoint 'API.Controllers.RechargeController.Recharge (BillerServiceApi)'
2024-11-22 19:38:44.512 +02:00 [INF] Request finished HTTP/1.1 POST http://localhost:5122/api/Recharge - 400 null application/json; charset=utf-8 21261.7345ms
2024-11-22 19:56:06.701 +02:00 [INF] Now listening on: http://localhost:5122
2024-11-22 19:56:06.902 +02:00 [INF] Application started. Press Ctrl+C to shut down.
2024-11-22 19:56:06.904 +02:00 [INF] Hosting environment: Development
2024-11-22 19:56:06.906 +02:00 [INF] Content root path: C:\Users\Chisale.s\source\repos\Biller\BillerServiceApi
2024-11-22 19:56:07.706 +02:00 [INF] Request starting HTTP/1.1 GET http://localhost:5122/swagger/index.html - null null
2024-11-22 19:56:10.858 +02:00 [INF] Request finished HTTP/1.1 GET http://localhost:5122/swagger/index.html - 200 null text/html;charset=utf-8 3152.3316ms
2024-11-22 19:56:10.862 +02:00 [INF] Request starting HTTP/1.1 GET http://localhost:5122/_vs/browserLink - null null
2024-11-22 19:56:10.867 +02:00 [INF] Request starting HTTP/1.1 GET http://localhost:5122/_framework/aspnetcore-browser-refresh.js - null null
2024-11-22 19:56:10.875 +02:00 [INF] Request finished HTTP/1.1 GET http://localhost:5122/_framework/aspnetcore-browser-refresh.js - 200 13784 application/javascript; charset=utf-8 7.8626ms
2024-11-22 19:56:10.901 +02:00 [INF] Request finished HTTP/1.1 GET http://localhost:5122/_vs/browserLink - 200 null text/javascript; charset=UTF-8 38.96ms
2024-11-22 19:56:12.635 +02:00 [INF] Request starting HTTP/1.1 GET http://localhost:5122/swagger/v1/swagger.json - null null
2024-11-22 19:56:12.647 +02:00 [INF] Request finished HTTP/1.1 GET http://localhost:5122/swagger/v1/swagger.json - 200 null application/json;charset=utf-8 12.3584ms
2024-11-22 19:56:39.195 +02:00 [INF] Request starting HTTP/1.1 POST http://localhost:5122/api/Recharge - application/json 49
2024-11-22 19:56:39.220 +02:00 [INF] Executing endpoint 'API.Controllers.RechargeController.Recharge (BillerServiceApi)'
2024-11-22 19:56:39.248 +02:00 [INF] Route matched with {action = "Recharge", controller = "Recharge"}. Executing controller action with signature System.Threading.Tasks.Task`1[Microsoft.AspNetCore.Mvc.IActionResult] Recharge(Core.Entities.RechargeRequest) on controller API.Controllers.RechargeController (BillerServiceApi).
2024-11-22 19:57:00.402 +02:00 [INF] Executing BadRequestObjectResult, writing value of type 'Core.Entities.RechargeResponse'.
2024-11-22 19:57:00.412 +02:00 [INF] Executed action API.Controllers.RechargeController.Recharge (BillerServiceApi) in 21157.3067ms
2024-11-22 19:57:00.415 +02:00 [INF] Executed endpoint 'API.Controllers.RechargeController.Recharge (BillerServiceApi)'
2024-11-22 19:57:00.420 +02:00 [INF] Request finished HTTP/1.1 POST http://localhost:5122/api/Recharge - 400 null application/json; charset=utf-8 21226.0293ms
2024-11-22 21:39:40.154 +02:00 [INF] Now listening on: http://localhost:5122
2024-11-22 21:39:40.430 +02:00 [INF] Application started. Press Ctrl+C to shut down.
2024-11-22 21:39:40.432 +02:00 [INF] Hosting environment: Development
2024-11-22 21:39:40.433 +02:00 [INF] Content root path: C:\Users\Chisale.s\source\repos\Biller\BillerServiceApi
2024-11-22 21:39:44.352 +02:00 [INF] Request starting HTTP/1.1 GET http://localhost:5122/swagger - null null
2024-11-22 21:39:48.852 +02:00 [INF] Request finished HTTP/1.1 GET http://localhost:5122/swagger - 301 0 null 4501.6156ms
2024-11-22 21:39:48.902 +02:00 [INF] Request starting HTTP/1.1 GET http://localhost:5122/swagger/index.html - null null
2024-11-22 21:39:48.982 +02:00 [INF] Request finished HTTP/1.1 GET http://localhost:5122/swagger/index.html - 200 null text/html;charset=utf-8 79.5713ms
2024-11-22 21:39:49.111 +02:00 [INF] Request starting HTTP/1.1 GET http://localhost:5122/swagger/swagger-ui.css - null null
2024-11-22 21:39:49.112 +02:00 [INF] Request starting HTTP/1.1 GET http://localhost:5122/swagger/swagger-ui-bundle.js - null null
2024-11-22 21:39:49.120 +02:00 [INF] Request starting HTTP/1.1 GET http://localhost:5122/swagger/swagger-ui-standalone-preset.js - null null
2024-11-22 21:39:49.121 +02:00 [INF] Request starting HTTP/1.1 GET http://localhost:5122/_framework/aspnetcore-browser-refresh.js - null null
2024-11-22 21:39:49.137 +02:00 [INF] Request finished HTTP/1.1 GET http://localhost:5122/_framework/aspnetcore-browser-refresh.js - 200 13784 application/javascript; charset=utf-8 16.4013ms
2024-11-22 21:39:49.142 +02:00 [INF] Request starting HTTP/1.1 GET http://localhost:5122/_vs/browserLink - null null
2024-11-22 21:39:49.151 +02:00 [INF] Sending file. Request path: '/swagger-ui.css'. Physical path: 'N/A'
2024-11-22 21:39:49.151 +02:00 [INF] Sending file. Request path: '/swagger-ui-standalone-preset.js'. Physical path: 'N/A'
2024-11-22 21:39:49.152 +02:00 [INF] Sending file. Request path: '/swagger-ui-bundle.js'. Physical path: 'N/A'
2024-11-22 21:39:49.156 +02:00 [INF] Request finished HTTP/1.1 GET http://localhost:5122/swagger/swagger-ui.css - 200 152034 text/css 44.444ms
2024-11-22 21:39:49.157 +02:00 [INF] Request finished HTTP/1.1 GET http://localhost:5122/swagger/swagger-ui-standalone-preset.js - 200 230280 text/javascript 37.54ms
2024-11-22 21:39:49.159 +02:00 [INF] Request finished HTTP/1.1 GET http://localhost:5122/swagger/swagger-ui-bundle.js - 200 1456926 text/javascript 46.8816ms
2024-11-22 21:39:49.928 +02:00 [INF] Request finished HTTP/1.1 GET http://localhost:5122/_vs/browserLink - 200 null text/javascript; charset=UTF-8 785.9952ms
2024-11-22 21:39:50.099 +02:00 [INF] Request starting HTTP/1.1 GET http://localhost:5122/swagger/v1/swagger.json - null null
2024-11-22 21:39:50.113 +02:00 [INF] Request finished HTTP/1.1 GET http://localhost:5122/swagger/v1/swagger.json - 200 null application/json;charset=utf-8 14.2137ms
2024-11-22 21:39:50.384 +02:00 [INF] Request starting HTTP/1.1 GET http://localhost:5122/swagger/favicon-32x32.png - null null
2024-11-22 21:39:50.426 +02:00 [INF] Sending file. Request path: '/favicon-32x32.png'. Physical path: 'N/A'
2024-11-22 21:39:50.430 +02:00 [INF] Request finished HTTP/1.1 GET http://localhost:5122/swagger/favicon-32x32.png - 200 628 image/png 45.5549ms
2024-11-22 21:40:21.762 +02:00 [INF] Request starting HTTP/1.1 POST http://localhost:5122/api/Recharge - application/json 49
2024-11-22 21:40:21.794 +02:00 [INF] Executing endpoint 'API.Controllers.RechargeController.Recharge (BillerServiceApi)'
2024-11-22 21:40:21.826 +02:00 [INF] Route matched with {action = "Recharge", controller = "Recharge"}. Executing controller action with signature System.Threading.Tasks.Task`1[Microsoft.AspNetCore.Mvc.IActionResult] Recharge(Core.Entities.RechargeRequest) on controller API.Controllers.RechargeController (BillerServiceApi).
