2024-11-25 08:30:11.733 +02:00 [INF] Now listening on: http://localhost:5122
2024-11-25 08:30:11.914 +02:00 [INF] Application started. Press Ctrl+C to shut down.
2024-11-25 08:30:11.917 +02:00 [INF] Hosting environment: Development
2024-11-25 08:30:11.918 +02:00 [INF] Content root path: C:\Users\Chisale.s\source\repos\Biller\BillerServiceApi
2024-11-25 08:30:39.774 +02:00 [INF] Request starting HTTP/1.1 GET http://localhost:5122/swagger - null null
2024-11-25 08:30:45.445 +02:00 [INF] Request finished HTTP/1.1 GET http://localhost:5122/swagger - 301 0 null 5670.8328ms
2024-11-25 08:30:45.454 +02:00 [INF] Request starting HTTP/1.1 GET http://localhost:5122/swagger/index.html - null null
2024-11-25 08:30:45.604 +02:00 [INF] Request finished HTTP/1.1 GET http://localhost:5122/swagger/index.html - 200 null text/html;charset=utf-8 149.9675ms
2024-11-25 08:30:46.255 +02:00 [INF] Request starting HTTP/1.1 GET http://localhost:5122/swagger/swagger-ui.css - null null
2024-11-25 08:30:46.257 +02:00 [INF] Request starting HTTP/1.1 GET http://localhost:5122/swagger/swagger-ui-bundle.js - null null
2024-11-25 08:30:46.265 +02:00 [INF] Request starting HTTP/1.1 GET http://localhost:5122/swagger/swagger-ui-standalone-preset.js - null null
2024-11-25 08:30:46.288 +02:00 [INF] Sending file. Request path: '/swagger-ui-standalone-preset.js'. Physical path: 'N/A'
2024-11-25 08:30:46.289 +02:00 [INF] Sending file. Request path: '/swagger-ui-bundle.js'. Physical path: 'N/A'
2024-11-25 08:30:46.293 +02:00 [INF] Request finished HTTP/1.1 GET http://localhost:5122/swagger/swagger-ui-bundle.js - 200 1456926 text/javascript 36.3213ms
2024-11-25 08:30:46.293 +02:00 [INF] Request finished HTTP/1.1 GET http://localhost:5122/swagger/swagger-ui-standalone-preset.js - 200 230280 text/javascript 28.0621ms
2024-11-25 08:30:46.485 +02:00 [INF] Sending file. Request path: '/swagger-ui.css'. Physical path: 'N/A'
2024-11-25 08:30:46.489 +02:00 [INF] Request finished HTTP/1.1 GET http://localhost:5122/swagger/swagger-ui.css - 200 152034 text/css 233.9538ms
2024-11-25 08:30:46.773 +02:00 [INF] Request starting HTTP/1.1 GET http://localhost:5122/_framework/aspnetcore-browser-refresh.js - null null
2024-11-25 08:30:46.794 +02:00 [INF] Request finished HTTP/1.1 GET http://localhost:5122/_framework/aspnetcore-browser-refresh.js - 200 13784 application/javascript; charset=utf-8 21.3988ms
2024-11-25 08:30:47.248 +02:00 [INF] Request starting HTTP/1.1 GET http://localhost:5122/_vs/browserLink - null null
2024-11-25 08:31:10.235 +02:00 [INF] Request finished HTTP/1.1 GET http://localhost:5122/_vs/browserLink - 200 null text/javascript; charset=UTF-8 22985.5634ms
2024-11-25 08:31:10.609 +02:00 [INF] Request starting HTTP/1.1 GET http://localhost:5122/swagger/v1/swagger.json - null null
2024-11-25 08:31:10.623 +02:00 [INF] Request finished HTTP/1.1 GET http://localhost:5122/swagger/v1/swagger.json - 200 null application/json;charset=utf-8 13.5284ms
2024-11-25 08:32:08.870 +02:00 [INF] Request starting HTTP/1.1 POST http://localhost:5122/api/Recharge - application/json 50
2024-11-25 08:32:09.218 +02:00 [INF] Executing endpoint 'API.Controllers.RechargeController.Recharge (BillerServiceApi)'
2024-11-25 08:32:09.767 +02:00 [INF] Route matched with {action = "Recharge", controller = "Recharge"}. Executing controller action with signature System.Threading.Tasks.Task`1[Microsoft.AspNetCore.Mvc.IActionResult] Recharge(Core.Entities.RechargeRequest) on controller API.Controllers.RechargeController (BillerServiceApi).
2024-11-25 08:32:33.733 +02:00 [INF] Executing BadRequestObjectResult, writing value of type 'Core.Entities.RechargeResponse'.
2024-11-25 08:32:33.746 +02:00 [INF] Executed action API.Controllers.RechargeController.Recharge (BillerServiceApi) in 23944.846ms
2024-11-25 08:32:33.749 +02:00 [INF] Executed endpoint 'API.Controllers.RechargeController.Recharge (BillerServiceApi)'
2024-11-25 08:32:33.751 +02:00 [INF] Request finished HTTP/1.1 POST http://localhost:5122/api/Recharge - 400 null application/json; charset=utf-8 24878.6181ms
2024-11-25 08:33:18.420 +02:00 [INF] Request starting HTTP/1.1 GET http://localhost:5122/_framework/aspnetcore-browser-refresh.js - null null
2024-11-25 08:33:18.424 +02:00 [INF] Request finished HTTP/1.1 GET http://localhost:5122/_framework/aspnetcore-browser-refresh.js - 200 13784 application/javascript; charset=utf-8 3.5074ms
2024-11-25 08:33:19.343 +02:00 [INF] Request starting HTTP/1.1 GET http://localhost:5122/swagger/v1/swagger.json - null null
2024-11-25 08:33:19.349 +02:00 [INF] Request finished HTTP/1.1 GET http://localhost:5122/swagger/v1/swagger.json - 200 null application/json;charset=utf-8 6.0131ms
2024-11-25 08:41:58.078 +02:00 [INF] Request starting HTTP/1.1 GET http://localhost:5122/swagger/index.html - null null
2024-11-25 08:41:58.105 +02:00 [INF] Request finished HTTP/1.1 GET http://localhost:5122/swagger/index.html - 200 null text/html;charset=utf-8 27.5582ms
2024-11-25 08:41:58.132 +02:00 [INF] Request starting HTTP/1.1 GET http://localhost:5122/_vs/browserLink - null null
2024-11-25 08:41:58.144 +02:00 [INF] Request finished HTTP/1.1 GET http://localhost:5122/_vs/browserLink - 200 null text/javascript; charset=UTF-8 12.3039ms
2024-11-25 08:41:58.151 +02:00 [INF] Request starting HTTP/1.1 GET http://localhost:5122/_framework/aspnetcore-browser-refresh.js - null null
2024-11-25 08:41:58.157 +02:00 [INF] Request finished HTTP/1.1 GET http://localhost:5122/_framework/aspnetcore-browser-refresh.js - 200 13784 application/javascript; charset=utf-8 5.8338ms
2024-11-25 08:41:58.314 +02:00 [INF] Request starting HTTP/1.1 GET http://localhost:5122/swagger/favicon-32x32.png - null null
2024-11-25 08:41:58.314 +02:00 [INF] Request starting HTTP/1.1 GET http://localhost:5122/swagger/v1/swagger.json - null null
2024-11-25 08:41:58.322 +02:00 [INF] Sending file. Request path: '/favicon-32x32.png'. Physical path: 'N/A'
2024-11-25 08:41:58.329 +02:00 [INF] Request finished HTTP/1.1 GET http://localhost:5122/swagger/v1/swagger.json - 200 null application/json;charset=utf-8 14.7444ms
2024-11-25 08:41:58.330 +02:00 [INF] Request finished HTTP/1.1 GET http://localhost:5122/swagger/favicon-32x32.png - 200 628 image/png 15.3961ms
2024-11-25 08:42:08.528 +02:00 [INF] Request starting HTTP/1.1 GET http://localhost:5122/swagger/index.html - null null
2024-11-25 08:42:08.535 +02:00 [INF] Request finished HTTP/1.1 GET http://localhost:5122/swagger/index.html - 200 null text/html;charset=utf-8 7.8677ms
2024-11-25 08:42:08.553 +02:00 [INF] Request starting HTTP/1.1 GET http://localhost:5122/_framework/aspnetcore-browser-refresh.js - null null
2024-11-25 08:42:08.553 +02:00 [INF] Request starting HTTP/1.1 GET http://localhost:5122/_vs/browserLink - null null
2024-11-25 08:42:08.558 +02:00 [INF] Request finished HTTP/1.1 GET http://localhost:5122/_framework/aspnetcore-browser-refresh.js - 200 13784 application/javascript; charset=utf-8 4.7217ms
2024-11-25 08:42:08.567 +02:00 [INF] Request finished HTTP/1.1 GET http://localhost:5122/_vs/browserLink - 200 null text/javascript; charset=UTF-8 13.7945ms
2024-11-25 08:42:08.742 +02:00 [INF] Request starting HTTP/1.1 GET http://localhost:5122/swagger/v1/swagger.json - null null
2024-11-25 08:42:08.750 +02:00 [INF] Request finished HTTP/1.1 GET http://localhost:5122/swagger/v1/swagger.json - 200 null application/json;charset=utf-8 8.1489ms
2024-11-25 08:42:27.342 +02:00 [INF] Request starting HTTP/1.1 POST http://localhost:5122/api/Recharge - application/json 50
2024-11-25 08:42:27.348 +02:00 [INF] Executing endpoint 'API.Controllers.RechargeController.Recharge (BillerServiceApi)'
2024-11-25 08:42:27.354 +02:00 [INF] Route matched with {action = "Recharge", controller = "Recharge"}. Executing controller action with signature System.Threading.Tasks.Task`1[Microsoft.AspNetCore.Mvc.IActionResult] Recharge(Core.Entities.RechargeRequest) on controller API.Controllers.RechargeController (BillerServiceApi).
2024-11-25 08:42:48.383 +02:00 [INF] Executing BadRequestObjectResult, writing value of type 'Core.Entities.RechargeResponse'.
2024-11-25 08:42:48.390 +02:00 [INF] Executed action API.Controllers.RechargeController.Recharge (BillerServiceApi) in 21030.7116ms
2024-11-25 08:42:48.394 +02:00 [INF] Executed endpoint 'API.Controllers.RechargeController.Recharge (BillerServiceApi)'
2024-11-25 08:42:48.396 +02:00 [INF] Request finished HTTP/1.1 POST http://localhost:5122/api/Recharge - 400 null application/json; charset=utf-8 21054.1174ms
2024-11-25 08:43:03.157 +02:00 [INF] Now listening on: http://localhost:5122
2024-11-25 08:43:03.404 +02:00 [INF] Application started. Press Ctrl+C to shut down.
2024-11-25 08:43:03.407 +02:00 [INF] Hosting environment: Development
2024-11-25 08:43:03.408 +02:00 [INF] Content root path: C:\Users\Chisale.s\source\repos\Biller\BillerServiceApi
2024-11-25 08:50:25.401 +02:00 [INF] Now listening on: http://localhost:5122
2024-11-25 08:50:25.575 +02:00 [INF] Application started. Press Ctrl+C to shut down.
2024-11-25 08:50:25.579 +02:00 [INF] Hosting environment: Development
2024-11-25 08:50:25.579 +02:00 [INF] Content root path: C:\Users\Chisale.s\source\repos\Biller\BillerServiceApi
2024-11-25 08:50:28.376 +02:00 [INF] Request starting HTTP/1.1 GET http://localhost:5122/swagger/index.html - null null
2024-11-25 08:50:29.382 +02:00 [INF] Request starting HTTP/1.1 GET http://localhost:5122/_vs/browserLink - null null
2024-11-25 08:50:29.424 +02:00 [INF] Request finished HTTP/1.1 GET http://localhost:5122/_vs/browserLink - 200 null text/javascript; charset=UTF-8 41.5294ms
2024-11-25 08:50:29.498 +02:00 [INF] Request finished HTTP/1.1 GET http://localhost:5122/swagger/index.html - 200 null text/html;charset=utf-8 1132.2473ms
2024-11-25 08:50:29.501 +02:00 [INF] Request starting HTTP/1.1 GET http://localhost:5122/_framework/aspnetcore-browser-refresh.js - null null
2024-11-25 08:50:29.506 +02:00 [INF] Request finished HTTP/1.1 GET http://localhost:5122/_framework/aspnetcore-browser-refresh.js - 200 13784 application/javascript; charset=utf-8 5.0771ms
2024-11-25 08:50:30.888 +02:00 [INF] Request starting HTTP/1.1 GET http://localhost:5122/swagger/v1/swagger.json - null null
2024-11-25 08:50:30.919 +02:00 [INF] Request finished HTTP/1.1 GET http://localhost:5122/swagger/v1/swagger.json - 200 null application/json;charset=utf-8 31.5801ms
2024-11-25 08:51:01.868 +02:00 [INF] Request starting HTTP/1.1 POST http://localhost:5122/api/Recharge - application/json 50
2024-11-25 08:51:01.901 +02:00 [INF] Executing endpoint 'API.Controllers.RechargeController.Recharge (BillerServiceApi)'
2024-11-25 08:51:01.960 +02:00 [INF] Route matched with {action = "Recharge", controller = "Recharge"}. Executing controller action with signature System.Threading.Tasks.Task`1[Microsoft.AspNetCore.Mvc.IActionResult] Recharge(Core.Entities.RechargeRequest) on controller API.Controllers.RechargeController (BillerServiceApi).
2024-11-25 08:51:25.916 +02:00 [INF] Executing BadRequestObjectResult, writing value of type 'Core.Entities.RechargeResponse'.
2024-11-25 08:51:25.929 +02:00 [INF] Executed action API.Controllers.RechargeController.Recharge (BillerServiceApi) in 23961.0569ms
2024-11-25 08:51:25.933 +02:00 [INF] Executed endpoint 'API.Controllers.RechargeController.Recharge (BillerServiceApi)'
2024-11-25 08:51:25.936 +02:00 [INF] Request finished HTTP/1.1 POST http://localhost:5122/api/Recharge - 400 null application/json; charset=utf-8 24068.2303ms
2024-11-25 08:56:26.797 +02:00 [INF] Now listening on: http://localhost:5122
2024-11-25 08:56:27.027 +02:00 [INF] Application started. Press Ctrl+C to shut down.
2024-11-25 08:56:27.030 +02:00 [INF] Hosting environment: Development
2024-11-25 08:56:27.032 +02:00 [INF] Content root path: C:\Users\Chisale.s\source\repos\Biller\BillerServiceApi
2024-11-25 08:56:27.629 +02:00 [INF] Request starting HTTP/1.1 GET http://localhost:5122/swagger/index.html - null null
2024-11-25 08:56:27.912 +02:00 [INF] Request finished HTTP/1.1 GET http://localhost:5122/swagger/index.html - 200 null text/html;charset=utf-8 283.3144ms
2024-11-25 08:56:27.927 +02:00 [INF] Request starting HTTP/1.1 GET http://localhost:5122/_vs/browserLink - null null
2024-11-25 08:56:27.934 +02:00 [INF] Request starting HTTP/1.1 GET http://localhost:5122/_framework/aspnetcore-browser-refresh.js - null null
2024-11-25 08:56:27.939 +02:00 [INF] Request finished HTTP/1.1 GET http://localhost:5122/_framework/aspnetcore-browser-refresh.js - 200 13784 application/javascript; charset=utf-8 4.7339ms
2024-11-25 08:56:27.967 +02:00 [INF] Request finished HTTP/1.1 GET http://localhost:5122/_vs/browserLink - 200 null text/javascript; charset=UTF-8 39.5473ms
2024-11-25 08:56:28.035 +02:00 [INF] Request starting HTTP/1.1 GET http://localhost:5122/swagger/v1/swagger.json - null null
2024-11-25 08:56:28.045 +02:00 [INF] Request finished HTTP/1.1 GET http://localhost:5122/swagger/v1/swagger.json - 200 null application/json;charset=utf-8 10.2623ms
2024-11-25 08:56:50.593 +02:00 [INF] Request starting HTTP/1.1 POST http://localhost:5122/api/Recharge - application/json 50
2024-11-25 08:56:50.626 +02:00 [INF] Executing endpoint 'API.Controllers.RechargeController.Recharge (BillerServiceApi)'
2024-11-25 08:56:50.657 +02:00 [INF] Route matched with {action = "Recharge", controller = "Recharge"}. Executing controller action with signature System.Threading.Tasks.Task`1[Microsoft.AspNetCore.Mvc.IActionResult] Recharge(Core.Entities.RechargeRequest) on controller API.Controllers.RechargeController (BillerServiceApi).
2024-11-25 08:57:14.295 +02:00 [INF] Executing BadRequestObjectResult, writing value of type 'Core.Entities.RechargeResponse'.
2024-11-25 08:57:14.306 +02:00 [INF] Executed action API.Controllers.RechargeController.Recharge (BillerServiceApi) in 23641.9988ms
2024-11-25 08:57:14.309 +02:00 [INF] Executed endpoint 'API.Controllers.RechargeController.Recharge (BillerServiceApi)'
2024-11-25 08:57:14.312 +02:00 [INF] Request finished HTTP/1.1 POST http://localhost:5122/api/Recharge - 400 null application/json; charset=utf-8 23719.0397ms
2024-11-25 09:04:14.584 +02:00 [INF] Now listening on: http://localhost:5122
2024-11-25 09:04:14.735 +02:00 [INF] Application started. Press Ctrl+C to shut down.
2024-11-25 09:04:14.737 +02:00 [INF] Hosting environment: Development
2024-11-25 09:04:14.739 +02:00 [INF] Content root path: C:\Users\Chisale.s\source\repos\Biller\BillerServiceApi
2024-11-25 09:04:15.106 +02:00 [INF] Request starting HTTP/1.1 GET http://localhost:5122/swagger/index.html - null null
2024-11-25 09:04:15.394 +02:00 [INF] Request finished HTTP/1.1 GET http://localhost:5122/swagger/index.html - 200 null text/html;charset=utf-8 288.5312ms
2024-11-25 09:04:16.678 +02:00 [INF] Request starting HTTP/1.1 GET http://localhost:5122/swagger/index.html - null null
2024-11-25 09:04:16.689 +02:00 [INF] Request finished HTTP/1.1 GET http://localhost:5122/swagger/index.html - 200 null text/html;charset=utf-8 11.1254ms
2024-11-25 09:04:56.700 +02:00 [INF] Now listening on: http://localhost:5122
2024-11-25 09:04:57.036 +02:00 [INF] Application started. Press Ctrl+C to shut down.
2024-11-25 09:04:57.038 +02:00 [INF] Hosting environment: Development
2024-11-25 09:04:57.039 +02:00 [INF] Content root path: C:\Users\Chisale.s\source\repos\Biller\BillerServiceApi
2024-11-25 09:04:58.592 +02:00 [INF] Request starting HTTP/1.1 GET http://localhost:5122/swagger/index.html - null null
2024-11-25 09:04:59.001 +02:00 [INF] Request finished HTTP/1.1 GET http://localhost:5122/swagger/index.html - 200 null text/html;charset=utf-8 416.0469ms
2024-11-25 09:04:59.011 +02:00 [INF] Request starting HTTP/1.1 GET http://localhost:5122/_framework/aspnetcore-browser-refresh.js - null null
2024-11-25 09:04:59.026 +02:00 [INF] Request starting HTTP/1.1 GET http://localhost:5122/_vs/browserLink - null null
2024-11-25 09:04:59.033 +02:00 [INF] Request finished HTTP/1.1 GET http://localhost:5122/_framework/aspnetcore-browser-refresh.js - 200 13784 application/javascript; charset=utf-8 21.4321ms
2024-11-25 09:04:59.094 +02:00 [INF] Request finished HTTP/1.1 GET http://localhost:5122/_vs/browserLink - 200 null text/javascript; charset=UTF-8 67.4109ms
2024-11-25 09:04:59.333 +02:00 [INF] Request starting HTTP/1.1 GET http://localhost:5122/swagger/v1/swagger.json - null null
2024-11-25 09:04:59.345 +02:00 [INF] Request finished HTTP/1.1 GET http://localhost:5122/swagger/v1/swagger.json - 200 null application/json;charset=utf-8 11.4865ms
2024-11-25 09:05:22.278 +02:00 [INF] Request starting HTTP/1.1 POST http://localhost:5122/api/Recharge - application/json 50
2024-11-25 09:05:22.311 +02:00 [INF] Executing endpoint 'API.Controllers.RechargeController.Recharge (BillerServiceApi)'
2024-11-25 09:05:22.354 +02:00 [INF] Route matched with {action = "Recharge", controller = "Recharge"}. Executing controller action with signature System.Threading.Tasks.Task`1[Microsoft.AspNetCore.Mvc.IActionResult] Recharge(Core.Entities.RechargeRequest) on controller API.Controllers.RechargeController (BillerServiceApi).
2024-11-25 09:05:45.311 +02:00 [INF] Executing BadRequestObjectResult, writing value of type 'Core.Entities.RechargeResponse'.
2024-11-25 09:05:45.331 +02:00 [INF] Executed action API.Controllers.RechargeController.Recharge (BillerServiceApi) in 22970.5427ms
2024-11-25 09:05:45.337 +02:00 [INF] Executed endpoint 'API.Controllers.RechargeController.Recharge (BillerServiceApi)'
2024-11-25 09:05:45.342 +02:00 [INF] Request finished HTTP/1.1 POST http://localhost:5122/api/Recharge - 400 null application/json; charset=utf-8 23064.3418ms
2024-11-25 09:10:39.823 +02:00 [INF] Now listening on: http://localhost:5122
2024-11-25 09:10:39.967 +02:00 [INF] Application started. Press Ctrl+C to shut down.
2024-11-25 09:10:39.969 +02:00 [INF] Hosting environment: Development
2024-11-25 09:10:39.971 +02:00 [INF] Content root path: C:\Users\Chisale.s\source\repos\Biller\BillerServiceApi
2024-11-25 09:10:40.532 +02:00 [INF] Request starting HTTP/1.1 GET http://localhost:5122/swagger/index.html - null null
2024-11-25 09:10:40.815 +02:00 [INF] Request finished HTTP/1.1 GET http://localhost:5122/swagger/index.html - 200 null text/html;charset=utf-8 283.0683ms
2024-11-25 09:10:40.819 +02:00 [INF] Request starting HTTP/1.1 GET http://localhost:5122/_vs/browserLink - null null
2024-11-25 09:10:40.827 +02:00 [INF] Request starting HTTP/1.1 GET http://localhost:5122/_framework/aspnetcore-browser-refresh.js - null null
2024-11-25 09:10:40.834 +02:00 [INF] Request finished HTTP/1.1 GET http://localhost:5122/_framework/aspnetcore-browser-refresh.js - 200 13784 application/javascript; charset=utf-8 7.006ms
2024-11-25 09:10:40.875 +02:00 [INF] Request finished HTTP/1.1 GET http://localhost:5122/_vs/browserLink - 200 null text/javascript; charset=UTF-8 55.8815ms
2024-11-25 09:10:41.141 +02:00 [INF] Request starting HTTP/1.1 GET http://localhost:5122/swagger/v1/swagger.json - null null
2024-11-25 09:10:41.156 +02:00 [INF] Request finished HTTP/1.1 GET http://localhost:5122/swagger/v1/swagger.json - 200 null application/json;charset=utf-8 15.6663ms
2024-11-25 09:11:01.867 +02:00 [INF] Request starting HTTP/1.1 POST http://localhost:5122/api/Recharge - application/json 49
2024-11-25 09:11:01.891 +02:00 [INF] Executing endpoint 'API.Controllers.RechargeController.Recharge (BillerServiceApi)'
2024-11-25 09:11:01.919 +02:00 [INF] Route matched with {action = "Recharge", controller = "Recharge"}. Executing controller action with signature System.Threading.Tasks.Task`1[Microsoft.AspNetCore.Mvc.IActionResult] Recharge(Core.Entities.RechargeRequest) on controller API.Controllers.RechargeController (BillerServiceApi).
2024-11-25 09:11:23.059 +02:00 [INF] Executing BadRequestObjectResult, writing value of type 'Core.Entities.RechargeResponse'.
2024-11-25 09:11:23.071 +02:00 [INF] Executed action API.Controllers.RechargeController.Recharge (BillerServiceApi) in 21143.8725ms
2024-11-25 09:11:23.075 +02:00 [INF] Executed endpoint 'API.Controllers.RechargeController.Recharge (BillerServiceApi)'
2024-11-25 09:11:23.077 +02:00 [INF] Request finished HTTP/1.1 POST http://localhost:5122/api/Recharge - 400 null application/json; charset=utf-8 21209.992ms
2024-11-25 10:09:00.380 +02:00 [INF] Now listening on: http://localhost:5122
2024-11-25 10:09:00.773 +02:00 [INF] Application started. Press Ctrl+C to shut down.
2024-11-25 10:09:00.776 +02:00 [INF] Hosting environment: Development
2024-11-25 10:09:00.778 +02:00 [INF] Content root path: C:\Users\Chisale.s\source\repos\Biller\BillerServiceApi
2024-11-25 10:09:04.897 +02:00 [INF] Request starting HTTP/1.1 GET http://localhost:5122/swagger/index.html - null null
2024-11-25 10:09:07.417 +02:00 [INF] Request finished HTTP/1.1 GET http://localhost:5122/swagger/index.html - 200 null text/html;charset=utf-8 2686.3955ms
2024-11-25 10:09:07.615 +02:00 [INF] Request starting HTTP/1.1 GET http://localhost:5122/_vs/browserLink - null null
2024-11-25 10:09:07.622 +02:00 [INF] Request starting HTTP/1.1 GET http://localhost:5122/_framework/aspnetcore-browser-refresh.js - null null
2024-11-25 10:09:07.632 +02:00 [INF] Request finished HTTP/1.1 GET http://localhost:5122/_framework/aspnetcore-browser-refresh.js - 200 13784 application/javascript; charset=utf-8 10.0097ms
2024-11-25 10:09:08.097 +02:00 [INF] Request finished HTTP/1.1 GET http://localhost:5122/_vs/browserLink - 200 null text/javascript; charset=UTF-8 482.2809ms
2024-11-25 10:09:08.483 +02:00 [INF] Request starting HTTP/1.1 GET http://localhost:5122/swagger/v1/swagger.json - null null
2024-11-25 10:09:08.578 +02:00 [INF] Request finished HTTP/1.1 GET http://localhost:5122/swagger/v1/swagger.json - 200 null application/json;charset=utf-8 95.6819ms
2024-11-25 10:10:20.943 +02:00 [INF] Now listening on: http://localhost:5122
2024-11-25 10:10:21.119 +02:00 [INF] Application started. Press Ctrl+C to shut down.
2024-11-25 10:10:21.121 +02:00 [INF] Hosting environment: Development
2024-11-25 10:10:21.123 +02:00 [INF] Content root path: C:\Users\Chisale.s\source\repos\Biller\BillerServiceApi
2024-11-25 10:10:21.822 +02:00 [INF] Request starting HTTP/1.1 GET http://localhost:5122/swagger/index.html - null null
2024-11-25 10:10:22.208 +02:00 [INF] Request finished HTTP/1.1 GET http://localhost:5122/swagger/index.html - 200 null text/html;charset=utf-8 391.9617ms
2024-11-25 10:10:22.214 +02:00 [INF] Request starting HTTP/1.1 GET http://localhost:5122/_vs/browserLink - null null
2024-11-25 10:10:22.246 +02:00 [INF] Request starting HTTP/1.1 GET http://localhost:5122/_framework/aspnetcore-browser-refresh.js - null null
2024-11-25 10:10:22.250 +02:00 [INF] Request finished HTTP/1.1 GET http://localhost:5122/_framework/aspnetcore-browser-refresh.js - 200 13784 application/javascript; charset=utf-8 4.6661ms
2024-11-25 10:10:22.301 +02:00 [INF] Request finished HTTP/1.1 GET http://localhost:5122/_vs/browserLink - 200 null text/javascript; charset=UTF-8 86.3243ms
2024-11-25 10:10:22.378 +02:00 [INF] Request starting HTTP/1.1 GET http://localhost:5122/swagger/v1/swagger.json - null null
2024-11-25 10:10:22.392 +02:00 [INF] Request finished HTTP/1.1 GET http://localhost:5122/swagger/v1/swagger.json - 200 null application/json;charset=utf-8 14.3691ms
2024-11-25 10:10:42.139 +02:00 [INF] Request starting HTTP/1.1 POST http://localhost:5122/api/Recharge - application/json 50
2024-11-25 10:10:42.180 +02:00 [INF] Executing endpoint 'API.Controllers.RechargeController.Recharge (BillerServiceApi)'
2024-11-25 10:10:42.249 +02:00 [INF] Route matched with {action = "Recharge", controller = "Recharge"}. Executing controller action with signature System.Threading.Tasks.Task`1[Microsoft.AspNetCore.Mvc.IActionResult] Recharge(Core.Entities.RechargeRequest) on controller API.Controllers.RechargeController (BillerServiceApi).
2024-11-25 10:11:05.705 +02:00 [INF] Executing BadRequestObjectResult, writing value of type 'Core.Entities.RechargeResponse'.
2024-11-25 10:11:05.716 +02:00 [INF] Executed action API.Controllers.RechargeController.Recharge (BillerServiceApi) in 23459.9548ms
2024-11-25 10:11:05.718 +02:00 [INF] Executed endpoint 'API.Controllers.RechargeController.Recharge (BillerServiceApi)'
2024-11-25 10:11:05.721 +02:00 [INF] Request finished HTTP/1.1 POST http://localhost:5122/api/Recharge - 400 null application/json; charset=utf-8 23582.1298ms
2024-11-25 10:13:15.843 +02:00 [INF] Now listening on: http://localhost:5122
2024-11-25 10:13:16.020 +02:00 [INF] Application started. Press Ctrl+C to shut down.
2024-11-25 10:13:16.027 +02:00 [INF] Hosting environment: Development
2024-11-25 10:13:16.028 +02:00 [INF] Content root path: C:\Users\Chisale.s\source\repos\Biller\BillerServiceApi
2024-11-25 10:13:16.558 +02:00 [INF] Request starting HTTP/1.1 GET http://localhost:5122/swagger/index.html - null null
2024-11-25 10:13:16.960 +02:00 [INF] Request finished HTTP/1.1 GET http://localhost:5122/swagger/index.html - 200 null text/html;charset=utf-8 410.5231ms
2024-11-25 10:13:16.964 +02:00 [INF] Request starting HTTP/1.1 GET http://localhost:5122/_vs/browserLink - null null
2024-11-25 10:13:16.970 +02:00 [INF] Request starting HTTP/1.1 GET http://localhost:5122/_framework/aspnetcore-browser-refresh.js - null null
2024-11-25 10:13:16.992 +02:00 [INF] Request finished HTTP/1.1 GET http://localhost:5122/_framework/aspnetcore-browser-refresh.js - 200 13784 application/javascript; charset=utf-8 21.7802ms
2024-11-25 10:13:17.015 +02:00 [INF] Request finished HTTP/1.1 GET http://localhost:5122/_vs/browserLink - 200 null text/javascript; charset=UTF-8 52.1708ms
2024-11-25 10:13:17.130 +02:00 [INF] Request starting HTTP/1.1 GET http://localhost:5122/swagger/v1/swagger.json - null null
2024-11-25 10:13:17.145 +02:00 [INF] Request finished HTTP/1.1 GET http://localhost:5122/swagger/v1/swagger.json - 200 null application/json;charset=utf-8 14.7305ms
2024-11-25 10:13:33.866 +02:00 [INF] Request starting HTTP/1.1 POST http://localhost:5122/api/Recharge - application/json 50
2024-11-25 10:13:33.896 +02:00 [INF] Executing endpoint 'API.Controllers.RechargeController.Recharge (BillerServiceApi)'
2024-11-25 10:13:33.939 +02:00 [INF] Route matched with {action = "Recharge", controller = "Recharge"}. Executing controller action with signature System.Threading.Tasks.Task`1[Microsoft.AspNetCore.Mvc.IActionResult] Recharge(Core.Entities.RechargeRequest) on controller API.Controllers.RechargeController (BillerServiceApi).
2024-11-25 10:13:56.803 +02:00 [INF] Executing BadRequestObjectResult, writing value of type 'Core.Entities.RechargeResponse'.
2024-11-25 10:13:56.814 +02:00 [INF] Executed action API.Controllers.RechargeController.Recharge (BillerServiceApi) in 22866.1273ms
2024-11-25 10:13:56.818 +02:00 [INF] Executed endpoint 'API.Controllers.RechargeController.Recharge (BillerServiceApi)'
2024-11-25 10:13:56.822 +02:00 [INF] Request finished HTTP/1.1 POST http://localhost:5122/api/Recharge - 400 null application/json; charset=utf-8 22955.3997ms
2024-11-25 10:20:11.906 +02:00 [INF] Now listening on: http://localhost:5122
2024-11-25 10:20:12.127 +02:00 [INF] Application started. Press Ctrl+C to shut down.
2024-11-25 10:20:12.129 +02:00 [INF] Hosting environment: Development
2024-11-25 10:20:12.130 +02:00 [INF] Content root path: C:\Users\Chisale.s\source\repos\Biller\BillerServiceApi
2024-11-25 10:20:12.602 +02:00 [INF] Request starting HTTP/1.1 GET http://localhost:5122/swagger/index.html - null null
2024-11-25 10:20:12.991 +02:00 [INF] Request finished HTTP/1.1 GET http://localhost:5122/swagger/index.html - 200 null text/html;charset=utf-8 395.7281ms
2024-11-25 10:20:12.996 +02:00 [INF] Request starting HTTP/1.1 GET http://localhost:5122/_vs/browserLink - null null
2024-11-25 10:20:13.003 +02:00 [INF] Request starting HTTP/1.1 GET http://localhost:5122/_framework/aspnetcore-browser-refresh.js - null null
2024-11-25 10:20:13.018 +02:00 [INF] Request finished HTTP/1.1 GET http://localhost:5122/_framework/aspnetcore-browser-refresh.js - 200 13784 application/javascript; charset=utf-8 14.5904ms
2024-11-25 10:20:13.069 +02:00 [INF] Request finished HTTP/1.1 GET http://localhost:5122/_vs/browserLink - 200 null text/javascript; charset=UTF-8 73.3021ms
2024-11-25 10:20:13.242 +02:00 [INF] Request starting HTTP/1.1 GET http://localhost:5122/swagger/v1/swagger.json - null null
2024-11-25 10:20:13.257 +02:00 [INF] Request finished HTTP/1.1 GET http://localhost:5122/swagger/v1/swagger.json - 200 null application/json;charset=utf-8 15.0607ms
2024-11-25 10:20:39.945 +02:00 [INF] Request starting HTTP/1.1 POST http://localhost:5122/api/Recharge - application/json 51
2024-11-25 10:20:39.987 +02:00 [INF] Executing endpoint 'API.Controllers.RechargeController.Recharge (BillerServiceApi)'
2024-11-25 10:20:40.024 +02:00 [INF] Route matched with {action = "Recharge", controller = "Recharge"}. Executing controller action with signature System.Threading.Tasks.Task`1[Microsoft.AspNetCore.Mvc.IActionResult] Recharge(Core.Entities.RechargeRequest) on controller API.Controllers.RechargeController (BillerServiceApi).
2024-11-25 10:21:02.919 +02:00 [INF] Executing BadRequestObjectResult, writing value of type 'Core.Entities.RechargeResponse'.
2024-11-25 10:21:02.931 +02:00 [INF] Executed action API.Controllers.RechargeController.Recharge (BillerServiceApi) in 22900.7519ms
2024-11-25 10:21:02.936 +02:00 [INF] Executed endpoint 'API.Controllers.RechargeController.Recharge (BillerServiceApi)'
2024-11-25 10:21:02.938 +02:00 [INF] Request finished HTTP/1.1 POST http://localhost:5122/api/Recharge - 400 null application/json; charset=utf-8 22993.6665ms
2024-11-25 10:25:07.061 +02:00 [INF] Now listening on: http://localhost:5122
2024-11-25 10:25:07.251 +02:00 [INF] Application started. Press Ctrl+C to shut down.
2024-11-25 10:25:07.253 +02:00 [INF] Hosting environment: Development
2024-11-25 10:25:07.254 +02:00 [INF] Content root path: C:\Users\Chisale.s\source\repos\Biller\BillerServiceApi
2024-11-25 10:25:09.252 +02:00 [INF] Request starting HTTP/1.1 GET http://localhost:5122/swagger/index.html - null null
2024-11-25 10:25:14.280 +02:00 [INF] Request finished HTTP/1.1 GET http://localhost:5122/swagger/index.html - 200 null text/html;charset=utf-8 5032.7403ms
2024-11-25 10:25:14.629 +02:00 [INF] Request starting HTTP/1.1 GET http://localhost:5122/_framework/aspnetcore-browser-refresh.js - null null
2024-11-25 10:25:14.635 +02:00 [INF] Request finished HTTP/1.1 GET http://localhost:5122/_framework/aspnetcore-browser-refresh.js - 200 13784 application/javascript; charset=utf-8 6.7947ms
2024-11-25 10:25:14.641 +02:00 [INF] Request starting HTTP/1.1 GET http://localhost:5122/_vs/browserLink - null null
2024-11-25 10:25:14.672 +02:00 [INF] Request finished HTTP/1.1 GET http://localhost:5122/_vs/browserLink - 200 null text/javascript; charset=UTF-8 30.4779ms
2024-11-25 10:25:15.662 +02:00 [INF] Request starting HTTP/1.1 GET http://localhost:5122/swagger/v1/swagger.json - null null
2024-11-25 10:25:15.675 +02:00 [INF] Request finished HTTP/1.1 GET http://localhost:5122/swagger/v1/swagger.json - 200 null application/json;charset=utf-8 13.0954ms
2024-11-25 10:25:46.135 +02:00 [INF] Request starting HTTP/1.1 POST http://localhost:5122/api/Recharge - application/json 50
2024-11-25 10:25:46.160 +02:00 [INF] Executing endpoint 'API.Controllers.RechargeController.Recharge (BillerServiceApi)'
2024-11-25 10:25:46.189 +02:00 [INF] Route matched with {action = "Recharge", controller = "Recharge"}. Executing controller action with signature System.Threading.Tasks.Task`1[Microsoft.AspNetCore.Mvc.IActionResult] Recharge(Core.Entities.RechargeRequest) on controller API.Controllers.RechargeController (BillerServiceApi).
2024-11-25 10:26:07.338 +02:00 [INF] Executing BadRequestObjectResult, writing value of type 'Core.Entities.RechargeResponse'.
2024-11-25 10:26:07.351 +02:00 [INF] Executed action API.Controllers.RechargeController.Recharge (BillerServiceApi) in 21153.9011ms
2024-11-25 10:26:07.354 +02:00 [INF] Executed endpoint 'API.Controllers.RechargeController.Recharge (BillerServiceApi)'
2024-11-25 10:26:07.357 +02:00 [INF] Request finished HTTP/1.1 POST http://localhost:5122/api/Recharge - 400 null application/json; charset=utf-8 21221.5751ms
2024-11-25 10:31:09.579 +02:00 [INF] Now listening on: http://localhost:5122
2024-11-25 10:31:09.749 +02:00 [INF] Application started. Press Ctrl+C to shut down.
2024-11-25 10:31:09.749 +02:00 [INF] Request starting HTTP/1.1 GET http://localhost:5122/swagger/index.html - null null
2024-11-25 10:31:09.751 +02:00 [INF] Hosting environment: Development
2024-11-25 10:31:09.756 +02:00 [INF] Content root path: C:\Users\Chisale.s\source\repos\Biller\BillerServiceApi
2024-11-25 10:31:10.017 +02:00 [INF] Request finished HTTP/1.1 GET http://localhost:5122/swagger/index.html - 200 null text/html;charset=utf-8 269.7824ms
2024-11-25 10:31:10.025 +02:00 [INF] Request starting HTTP/1.1 GET http://localhost:5122/_vs/browserLink - null null
2024-11-25 10:31:10.025 +02:00 [INF] Request starting HTTP/1.1 GET http://localhost:5122/_framework/aspnetcore-browser-refresh.js - null null
2024-11-25 10:31:10.034 +02:00 [INF] Request finished HTTP/1.1 GET http://localhost:5122/_framework/aspnetcore-browser-refresh.js - 200 13784 application/javascript; charset=utf-8 9.1318ms
2024-11-25 10:31:10.058 +02:00 [INF] Request finished HTTP/1.1 GET http://localhost:5122/_vs/browserLink - 200 null text/javascript; charset=UTF-8 32.7587ms
2024-11-25 10:31:10.282 +02:00 [INF] Request starting HTTP/1.1 GET http://localhost:5122/swagger/v1/swagger.json - null null
2024-11-25 10:31:10.294 +02:00 [INF] Request finished HTTP/1.1 GET http://localhost:5122/swagger/v1/swagger.json - 200 null application/json;charset=utf-8 12.0775ms
2024-11-25 10:31:42.170 +02:00 [INF] Request starting HTTP/1.1 GET http://localhost:5122/swagger/index.html - null null
2024-11-25 10:31:42.183 +02:00 [INF] Request finished HTTP/1.1 GET http://localhost:5122/swagger/index.html - 200 null text/html;charset=utf-8 12.4239ms
2024-11-25 10:31:42.198 +02:00 [INF] Request starting HTTP/1.1 GET http://localhost:5122/_vs/browserLink - null null
2024-11-25 10:31:42.200 +02:00 [INF] Request starting HTTP/1.1 GET http://localhost:5122/_framework/aspnetcore-browser-refresh.js - null null
2024-11-25 10:31:42.208 +02:00 [INF] Request finished HTTP/1.1 GET http://localhost:5122/_framework/aspnetcore-browser-refresh.js - 200 13784 application/javascript; charset=utf-8 7.3678ms
2024-11-25 10:31:42.223 +02:00 [INF] Request finished HTTP/1.1 GET http://localhost:5122/_vs/browserLink - 200 null text/javascript; charset=UTF-8 24.5799ms
2024-11-25 10:31:42.320 +02:00 [INF] Request starting HTTP/1.1 GET http://localhost:5122/swagger/v1/swagger.json - null null
2024-11-25 10:31:42.336 +02:00 [INF] Request finished HTTP/1.1 GET http://localhost:5122/swagger/v1/swagger.json - 200 null application/json;charset=utf-8 15.6795ms
2024-11-25 10:32:06.532 +02:00 [INF] Request starting HTTP/1.1 POST http://localhost:5122/api/Recharge - application/json 50
2024-11-25 10:32:06.554 +02:00 [INF] Executing endpoint 'API.Controllers.RechargeController.Recharge (BillerServiceApi)'
2024-11-25 10:32:06.584 +02:00 [INF] Route matched with {action = "Recharge", controller = "Recharge"}. Executing controller action with signature System.Threading.Tasks.Task`1[Microsoft.AspNetCore.Mvc.IActionResult] Recharge(Core.Entities.RechargeRequest) on controller API.Controllers.RechargeController (BillerServiceApi).
2024-11-25 10:32:06.753 +02:00 [INF] Executed action API.Controllers.RechargeController.Recharge (BillerServiceApi) in 156.8692ms
2024-11-25 10:32:06.791 +02:00 [INF] Executed endpoint 'API.Controllers.RechargeController.Recharge (BillerServiceApi)'
2024-11-25 10:32:06.803 +02:00 [ERR] An unhandled exception has occurred while executing the request.
System.NotImplementedException: The method or operation is not implemented.
   at Infrastructure.Services.RechargeService.BuildParametersXml(List`1 parameters) in C:\Users\Chisale.s\source\repos\Biller\Infrastructure\Services\RechargeService.cs:line 58
   at Infrastructure.Services.RechargeService.PerformRechargeAsync(RechargeRequest request) in C:\Users\Chisale.s\source\repos\Biller\Infrastructure\Services\RechargeService.cs:line 29
   at API.Controllers.RechargeController.Recharge(RechargeRequest request) in C:\Users\Chisale.s\source\repos\Biller\BillerServiceApi\Controllers\RechargeController.cs:line 23
   at Microsoft.AspNetCore.Mvc.Infrastructure.ActionMethodExecutor.TaskOfIActionResultExecutor.Execute(ActionContext actionContext, IActionResultTypeMapper mapper, ObjectMethodExecutor executor, Object controller, Object[] arguments)
   at Microsoft.AspNetCore.Mvc.Infrastructure.ControllerActionInvoker.<InvokeActionMethodAsync>g__Awaited|12_0(ControllerActionInvoker invoker, ValueTask`1 actionResultValueTask)
   at Microsoft.AspNetCore.Mvc.Infrastructure.ControllerActionInvoker.<InvokeNextActionFilterAsync>g__Awaited|10_0(ControllerActionInvoker invoker, Task lastTask, State next, Scope scope, Object state, Boolean isCompleted)
   at Microsoft.AspNetCore.Mvc.Infrastructure.ControllerActionInvoker.Rethrow(ActionExecutedContextSealed context)
   at Microsoft.AspNetCore.Mvc.Infrastructure.ControllerActionInvoker.Next(State& next, Scope& scope, Object& state, Boolean& isCompleted)
   at Microsoft.AspNetCore.Mvc.Infrastructure.ControllerActionInvoker.InvokeInnerFilterAsync()
--- End of stack trace from previous location ---
   at Microsoft.AspNetCore.Mvc.Infrastructure.ResourceInvoker.<InvokeNextResourceFilter>g__Awaited|25_0(ResourceInvoker invoker, Task lastTask, State next, Scope scope, Object state, Boolean isCompleted)
   at Microsoft.AspNetCore.Mvc.Infrastructure.ResourceInvoker.Rethrow(ResourceExecutedContextSealed context)
   at Microsoft.AspNetCore.Mvc.Infrastructure.ResourceInvoker.Next(State& next, Scope& scope, Object& state, Boolean& isCompleted)
   at Microsoft.AspNetCore.Mvc.Infrastructure.ResourceInvoker.InvokeFilterPipelineAsync()
--- End of stack trace from previous location ---
   at Microsoft.AspNetCore.Mvc.Infrastructure.ResourceInvoker.<InvokeAsync>g__Logged|17_1(ResourceInvoker invoker)
   at Microsoft.AspNetCore.Mvc.Infrastructure.ResourceInvoker.<InvokeAsync>g__Logged|17_1(ResourceInvoker invoker)
   at Microsoft.AspNetCore.Routing.EndpointMiddleware.<Invoke>g__AwaitRequestTask|7_0(Endpoint endpoint, Task requestTask, ILogger logger)
   at Swashbuckle.AspNetCore.SwaggerUI.SwaggerUIMiddleware.Invoke(HttpContext httpContext)
   at Swashbuckle.AspNetCore.Swagger.SwaggerMiddleware.Invoke(HttpContext httpContext, ISwaggerProvider swaggerProvider)
   at Microsoft.AspNetCore.Diagnostics.DeveloperExceptionPageMiddlewareImpl.Invoke(HttpContext context)
2024-11-25 10:32:07.574 +02:00 [INF] Request finished HTTP/1.1 POST http://localhost:5122/api/Recharge - 500 null text/plain; charset=utf-8 1040.9599ms
2024-11-25 10:39:07.339 +02:00 [INF] Now listening on: http://localhost:5122
2024-11-25 10:39:07.504 +02:00 [INF] Application started. Press Ctrl+C to shut down.
2024-11-25 10:39:07.506 +02:00 [INF] Hosting environment: Development
2024-11-25 10:39:07.508 +02:00 [INF] Content root path: C:\Users\Chisale.s\source\repos\Biller\BillerServiceApi
2024-11-25 10:39:07.631 +02:00 [INF] Request starting HTTP/1.1 GET http://localhost:5122/swagger/index.html - null null
2024-11-25 10:39:07.905 +02:00 [INF] Request finished HTTP/1.1 GET http://localhost:5122/swagger/index.html - 200 null text/html;charset=utf-8 276.441ms
2024-11-25 10:39:07.913 +02:00 [INF] Request starting HTTP/1.1 GET http://localhost:5122/_vs/browserLink - null null
2024-11-25 10:39:07.919 +02:00 [INF] Request starting HTTP/1.1 GET http://localhost:5122/_framework/aspnetcore-browser-refresh.js - null null
2024-11-25 10:39:07.923 +02:00 [INF] Request finished HTTP/1.1 GET http://localhost:5122/_framework/aspnetcore-browser-refresh.js - 200 13784 application/javascript; charset=utf-8 3.6717ms
2024-11-25 10:39:07.949 +02:00 [INF] Request finished HTTP/1.1 GET http://localhost:5122/_vs/browserLink - 200 null text/javascript; charset=UTF-8 36.5518ms
2024-11-25 10:39:07.998 +02:00 [INF] Request starting HTTP/1.1 GET http://localhost:5122/swagger/v1/swagger.json - null null
2024-11-25 10:39:08.020 +02:00 [INF] Request finished HTTP/1.1 GET http://localhost:5122/swagger/v1/swagger.json - 200 null application/json;charset=utf-8 22.674ms
2024-11-25 10:39:25.147 +02:00 [INF] Request starting HTTP/1.1 POST http://localhost:5122/api/Recharge - application/json 50
2024-11-25 10:39:25.171 +02:00 [INF] Executing endpoint 'API.Controllers.RechargeController.Recharge (BillerServiceApi)'
2024-11-25 10:39:25.203 +02:00 [INF] Route matched with {action = "Recharge", controller = "Recharge"}. Executing controller action with signature System.Threading.Tasks.Task`1[Microsoft.AspNetCore.Mvc.IActionResult] Recharge(Core.Entities.RechargeRequest) on controller API.Controllers.RechargeController (BillerServiceApi).
2024-11-25 10:39:46.366 +02:00 [INF] Executing BadRequestObjectResult, writing value of type 'Core.Entities.RechargeResponse'.
2024-11-25 10:39:46.377 +02:00 [INF] Executed action API.Controllers.RechargeController.Recharge (BillerServiceApi) in 21164.8384ms
2024-11-25 10:39:46.381 +02:00 [INF] Executed endpoint 'API.Controllers.RechargeController.Recharge (BillerServiceApi)'
2024-11-25 10:39:46.383 +02:00 [INF] Request finished HTTP/1.1 POST http://localhost:5122/api/Recharge - 400 null application/json; charset=utf-8 21236.4217ms
2024-11-25 10:50:53.142 +02:00 [INF] Now listening on: http://localhost:5122
2024-11-25 10:50:53.336 +02:00 [INF] Application started. Press Ctrl+C to shut down.
2024-11-25 10:50:53.339 +02:00 [INF] Hosting environment: Development
2024-11-25 10:50:53.340 +02:00 [INF] Content root path: C:\Users\Chisale.s\source\repos\Biller\BillerServiceApi
2024-11-25 10:50:54.687 +02:00 [INF] Request starting HTTP/1.1 GET http://localhost:5122/swagger/index.html - null null
2024-11-25 10:50:55.231 +02:00 [INF] Request finished HTTP/1.1 GET http://localhost:5122/swagger/index.html - 200 null text/html;charset=utf-8 550.7838ms
2024-11-25 10:50:55.267 +02:00 [INF] Request starting HTTP/1.1 GET http://localhost:5122/_framework/aspnetcore-browser-refresh.js - null null
2024-11-25 10:50:55.270 +02:00 [INF] Request starting HTTP/1.1 GET http://localhost:5122/_vs/browserLink - null null
2024-11-25 10:50:55.285 +02:00 [INF] Request finished HTTP/1.1 GET http://localhost:5122/_framework/aspnetcore-browser-refresh.js - 200 13784 application/javascript; charset=utf-8 15.5215ms
2024-11-25 10:50:55.386 +02:00 [INF] Request finished HTTP/1.1 GET http://localhost:5122/_vs/browserLink - 200 null text/javascript; charset=UTF-8 116.2801ms
2024-11-25 10:50:55.632 +02:00 [INF] Request starting HTTP/1.1 GET http://localhost:5122/swagger/v1/swagger.json - null null
2024-11-25 10:50:55.645 +02:00 [INF] Request finished HTTP/1.1 GET http://localhost:5122/swagger/v1/swagger.json - 200 null application/json;charset=utf-8 13.6687ms
2024-11-25 10:51:16.909 +02:00 [INF] Request starting HTTP/1.1 POST http://localhost:5122/api/Recharge - application/json 50
2024-11-25 10:51:16.944 +02:00 [INF] Executing endpoint 'API.Controllers.RechargeController.Recharge (BillerServiceApi)'
2024-11-25 10:51:16.980 +02:00 [INF] Route matched with {action = "Recharge", controller = "Recharge"}. Executing controller action with signature System.Threading.Tasks.Task`1[Microsoft.AspNetCore.Mvc.IActionResult] Recharge(Core.Entities.RechargeRequest) on controller API.Controllers.RechargeController (BillerServiceApi).
2024-11-25 10:51:40.017 +02:00 [INF] Executing BadRequestObjectResult, writing value of type 'Core.Entities.RechargeResponse'.
2024-11-25 10:51:40.029 +02:00 [INF] Executed action API.Controllers.RechargeController.Recharge (BillerServiceApi) in 23040.6879ms
2024-11-25 10:51:40.033 +02:00 [INF] Executed endpoint 'API.Controllers.RechargeController.Recharge (BillerServiceApi)'
2024-11-25 10:51:40.036 +02:00 [INF] Request finished HTTP/1.1 POST http://localhost:5122/api/Recharge - 400 null application/json; charset=utf-8 23127.3635ms
2024-11-25 12:31:16.044 +02:00 [INF] Now listening on: http://localhost:5122
2024-11-25 12:31:16.621 +02:00 [INF] Application started. Press Ctrl+C to shut down.
2024-11-25 12:31:16.625 +02:00 [INF] Hosting environment: Development
2024-11-25 12:31:16.626 +02:00 [INF] Content root path: C:\Users\Chisale.s\source\repos\Biller\BillerServiceApi
2024-11-25 12:31:22.352 +02:00 [INF] Request starting HTTP/1.1 GET http://localhost:5122/swagger/index.html - null null
2024-11-25 12:31:24.405 +02:00 [INF] Request finished HTTP/1.1 GET http://localhost:5122/swagger/index.html - 200 null text/html;charset=utf-8 2077.4748ms
2024-11-25 12:31:24.515 +02:00 [INF] Request starting HTTP/1.1 GET http://localhost:5122/_framework/aspnetcore-browser-refresh.js - null null
2024-11-25 12:31:24.523 +02:00 [INF] Request finished HTTP/1.1 GET http://localhost:5122/_framework/aspnetcore-browser-refresh.js - 200 13784 application/javascript; charset=utf-8 7.1762ms
2024-11-25 12:31:24.656 +02:00 [INF] Request starting HTTP/1.1 GET http://localhost:5122/_vs/browserLink - null null
2024-11-25 12:31:25.387 +02:00 [INF] Request finished HTTP/1.1 GET http://localhost:5122/_vs/browserLink - 200 null text/javascript; charset=UTF-8 730.3101ms
2024-11-25 12:31:26.187 +02:00 [INF] Request starting HTTP/1.1 GET http://localhost:5122/swagger/v1/swagger.json - null null
2024-11-25 12:31:26.296 +02:00 [INF] Request finished HTTP/1.1 GET http://localhost:5122/swagger/v1/swagger.json - 200 null application/json;charset=utf-8 108.9544ms
2024-11-25 12:31:48.494 +02:00 [INF] Request starting HTTP/1.1 POST http://localhost:5122/api/Recharge - application/json 50
2024-11-25 12:31:48.533 +02:00 [INF] Executing endpoint 'API.Controllers.RechargeController.Recharge (BillerServiceApi)'
2024-11-25 12:31:48.601 +02:00 [INF] Route matched with {action = "Recharge", controller = "Recharge"}. Executing controller action with signature System.Threading.Tasks.Task`1[Microsoft.AspNetCore.Mvc.IActionResult] Recharge(Core.Entities.RechargeRequest) on controller API.Controllers.RechargeController (BillerServiceApi).
2024-11-25 12:31:48.708 +02:00 [INF] Start processing HTTP request POST http://172.18.170.37:48090/ERechargeOoredoo/ERSTopup
2024-11-25 12:31:48.715 +02:00 [INF] Sending HTTP request POST http://172.18.170.37:48090/ERechargeOoredoo/ERSTopup
2024-11-25 12:32:09.836 +02:00 [INF] Executing BadRequestObjectResult, writing value of type 'Core.Entities.RechargeResponse'.
2024-11-25 12:32:09.846 +02:00 [INF] Executed action API.Controllers.RechargeController.Recharge (BillerServiceApi) in 21236.5234ms
2024-11-25 12:32:09.849 +02:00 [INF] Executed endpoint 'API.Controllers.RechargeController.Recharge (BillerServiceApi)'
2024-11-25 12:32:09.852 +02:00 [INF] Request finished HTTP/1.1 POST http://localhost:5122/api/Recharge - 400 null application/json; charset=utf-8 21356.5507ms
2024-11-25 13:49:36.088 +02:00 [INF] Now listening on: http://localhost:5122
2024-11-25 13:49:36.532 +02:00 [INF] Application started. Press Ctrl+C to shut down.
2024-11-25 13:49:36.534 +02:00 [INF] Hosting environment: Development
2024-11-25 13:49:36.535 +02:00 [INF] Content root path: C:\Users\Chisale.s\source\repos\Biller\BillerServiceApi
2024-11-25 13:49:48.053 +02:00 [INF] Request starting HTTP/1.1 GET http://localhost:5122/swagger/index.html - null null
2024-11-25 13:49:50.124 +02:00 [INF] Request finished HTTP/1.1 GET http://localhost:5122/swagger/index.html - 200 null text/html;charset=utf-8 2071.2348ms
2024-11-25 13:49:50.126 +02:00 [INF] Request starting HTTP/1.1 GET http://localhost:5122/_vs/browserLink - null null
2024-11-25 13:49:50.135 +02:00 [INF] Request starting HTTP/1.1 GET http://localhost:5122/_framework/aspnetcore-browser-refresh.js - null null
2024-11-25 13:49:50.143 +02:00 [INF] Request finished HTTP/1.1 GET http://localhost:5122/_framework/aspnetcore-browser-refresh.js - 200 13784 application/javascript; charset=utf-8 8.7431ms
2024-11-25 13:49:50.165 +02:00 [INF] Request finished HTTP/1.1 GET http://localhost:5122/_vs/browserLink - 200 null text/javascript; charset=UTF-8 39.0867ms
2024-11-25 13:49:50.981 +02:00 [INF] Request starting HTTP/1.1 GET http://localhost:5122/swagger/v1/swagger.json - null null
2024-11-25 13:49:50.992 +02:00 [INF] Request finished HTTP/1.1 GET http://localhost:5122/swagger/v1/swagger.json - 200 null application/json;charset=utf-8 11.3991ms
2024-11-25 13:50:14.053 +02:00 [INF] Request starting HTTP/1.1 POST http://localhost:5122/api/Recharge - application/json 49
2024-11-25 13:50:14.079 +02:00 [INF] Executing endpoint 'API.Controllers.RechargeController.Recharge (BillerServiceApi)'
2024-11-25 13:50:14.106 +02:00 [INF] Route matched with {action = "Recharge", controller = "Recharge"}. Executing controller action with signature System.Threading.Tasks.Task`1[Microsoft.AspNetCore.Mvc.IActionResult] Recharge(Core.Entities.RechargeRequest) on controller API.Controllers.RechargeController (BillerServiceApi).
2024-11-25 13:50:14.205 +02:00 [INF] Start processing HTTP request POST http://172.18.170.37:48090/ERechargeOoredoo/ERSTopup
2024-11-25 13:50:14.210 +02:00 [INF] Sending HTTP request POST http://172.18.170.37:48090/ERechargeOoredoo/ERSTopup
2024-11-25 13:50:35.292 +02:00 [INF] Executing BadRequestObjectResult, writing value of type 'Core.Entities.RechargeResponse'.
2024-11-25 13:50:35.304 +02:00 [INF] Executed action API.Controllers.RechargeController.Recharge (BillerServiceApi) in 21190.4724ms
2024-11-25 13:50:35.308 +02:00 [INF] Executed endpoint 'API.Controllers.RechargeController.Recharge (BillerServiceApi)'
2024-11-25 13:50:35.310 +02:00 [INF] Request finished HTTP/1.1 POST http://localhost:5122/api/Recharge - 400 null application/json; charset=utf-8 21257.045ms
2024-11-25 14:32:03.779 +02:00 [INF] Now listening on: http://localhost:5122
2024-11-25 14:32:04.638 +02:00 [INF] Application started. Press Ctrl+C to shut down.
2024-11-25 14:32:04.641 +02:00 [INF] Hosting environment: Development
2024-11-25 14:32:04.643 +02:00 [INF] Content root path: C:\Users\Chisale.s\source\repos\Biller\BillerServiceApi
2024-11-25 14:32:06.190 +02:00 [INF] Request starting HTTP/1.1 GET http://localhost:5122/swagger/index.html - null null
2024-11-25 14:32:07.065 +02:00 [INF] Request finished HTTP/1.1 GET http://localhost:5122/swagger/index.html - 200 null text/html;charset=utf-8 887.5975ms
2024-11-25 14:32:07.069 +02:00 [INF] Request starting HTTP/1.1 GET http://localhost:5122/_vs/browserLink - null null
2024-11-25 14:32:07.157 +02:00 [INF] Request starting HTTP/1.1 GET http://localhost:5122/_framework/aspnetcore-browser-refresh.js - null null
2024-11-25 14:32:07.163 +02:00 [INF] Request finished HTTP/1.1 GET http://localhost:5122/_framework/aspnetcore-browser-refresh.js - 200 13784 application/javascript; charset=utf-8 5.6625ms
2024-11-25 14:32:07.353 +02:00 [INF] Request finished HTTP/1.1 GET http://localhost:5122/_vs/browserLink - 200 null text/javascript; charset=UTF-8 284.4421ms
2024-11-25 14:32:07.726 +02:00 [INF] Request starting HTTP/1.1 GET http://localhost:5122/swagger/v1/swagger.json - null null
2024-11-25 14:32:07.744 +02:00 [INF] Request finished HTTP/1.1 GET http://localhost:5122/swagger/v1/swagger.json - 200 null application/json;charset=utf-8 17.561ms
2024-11-25 14:32:33.664 +02:00 [INF] Request starting HTTP/1.1 POST http://localhost:5122/api/Recharge - application/json 50
2024-11-25 14:32:33.741 +02:00 [INF] Executing endpoint 'API.Controllers.RechargeController.Recharge (BillerServiceApi)'
2024-11-25 14:32:33.806 +02:00 [INF] Route matched with {action = "Recharge", controller = "Recharge"}. Executing controller action with signature System.Threading.Tasks.Task`1[Microsoft.AspNetCore.Mvc.IActionResult] Recharge(Core.Entities.RechargeRequest) on controller API.Controllers.RechargeController (BillerServiceApi).
2024-11-25 14:32:33.916 +02:00 [INF] Start processing HTTP request POST http://172.18.170.37:48090/ERechargeOoredoo/ERSTopup
2024-11-25 14:32:33.925 +02:00 [INF] Sending HTTP request POST http://172.18.170.37:48090/ERechargeOoredoo/ERSTopup
2024-11-25 14:32:55.020 +02:00 [INF] Executing BadRequestObjectResult, writing value of type 'Core.Entities.RechargeResponse'.
2024-11-25 14:32:55.032 +02:00 [INF] Executed action API.Controllers.RechargeController.Recharge (BillerServiceApi) in 21218.1112ms
2024-11-25 14:32:55.036 +02:00 [INF] Executed endpoint 'API.Controllers.RechargeController.Recharge (BillerServiceApi)'
2024-11-25 14:32:55.039 +02:00 [INF] Request finished HTTP/1.1 POST http://localhost:5122/api/Recharge - 400 null application/json; charset=utf-8 21374.7794ms
2024-11-25 15:11:48.381 +02:00 [INF] Request starting HTTP/1.1 POST http://localhost:5122/api/Recharge - application/json 48
2024-11-25 15:11:48.387 +02:00 [INF] Executing endpoint 'API.Controllers.RechargeController.Recharge (BillerServiceApi)'
2024-11-25 15:11:48.389 +02:00 [INF] Route matched with {action = "Recharge", controller = "Recharge"}. Executing controller action with signature System.Threading.Tasks.Task`1[Microsoft.AspNetCore.Mvc.IActionResult] Recharge(Core.Entities.RechargeRequest) on controller API.Controllers.RechargeController (BillerServiceApi).
2024-11-25 15:11:48.405 +02:00 [INF] Start processing HTTP request POST http://172.18.170.37:48090/ERechargeOoredoo/ERSTopup
2024-11-25 15:11:48.414 +02:00 [INF] Sending HTTP request POST http://172.18.170.37:48090/ERechargeOoredoo/ERSTopup
2024-11-25 15:12:09.486 +02:00 [INF] Executing BadRequestObjectResult, writing value of type 'Core.Entities.RechargeResponse'.
2024-11-25 15:12:09.494 +02:00 [INF] Executed action API.Controllers.RechargeController.Recharge (BillerServiceApi) in 21101.7347ms
2024-11-25 15:12:09.496 +02:00 [INF] Executed endpoint 'API.Controllers.RechargeController.Recharge (BillerServiceApi)'
2024-11-25 15:12:09.501 +02:00 [INF] Request finished HTTP/1.1 POST http://localhost:5122/api/Recharge - 400 null application/json; charset=utf-8 21119.8536ms
2024-11-25 15:15:15.211 +02:00 [INF] Request starting HTTP/1.1 POST http://localhost:5122/api/Recharge - application/json 51
2024-11-25 15:15:15.217 +02:00 [INF] Executing endpoint 'API.Controllers.RechargeController.Recharge (BillerServiceApi)'
2024-11-25 15:15:15.220 +02:00 [INF] Route matched with {action = "Recharge", controller = "Recharge"}. Executing controller action with signature System.Threading.Tasks.Task`1[Microsoft.AspNetCore.Mvc.IActionResult] Recharge(Core.Entities.RechargeRequest) on controller API.Controllers.RechargeController (BillerServiceApi).
2024-11-25 15:15:15.310 +02:00 [INF] Executing BadRequestObjectResult, writing value of type 'Microsoft.AspNetCore.Mvc.ValidationProblemDetails'.
2024-11-25 15:15:15.374 +02:00 [INF] Executed action API.Controllers.RechargeController.Recharge (BillerServiceApi) in 145.3669ms
2024-11-25 15:15:15.379 +02:00 [INF] Executed endpoint 'API.Controllers.RechargeController.Recharge (BillerServiceApi)'
2024-11-25 15:15:15.380 +02:00 [INF] Request finished HTTP/1.1 POST http://localhost:5122/api/Recharge - 400 null application/json; charset=utf-8 168.9615ms
2024-11-25 15:15:38.136 +02:00 [INF] Request starting HTTP/1.1 POST http://localhost:5122/api/Recharge - application/json 52
2024-11-25 15:15:38.140 +02:00 [INF] Executing endpoint 'API.Controllers.RechargeController.Recharge (BillerServiceApi)'
2024-11-25 15:15:38.142 +02:00 [INF] Route matched with {action = "Recharge", controller = "Recharge"}. Executing controller action with signature System.Threading.Tasks.Task`1[Microsoft.AspNetCore.Mvc.IActionResult] Recharge(Core.Entities.RechargeRequest) on controller API.Controllers.RechargeController (BillerServiceApi).
2024-11-25 15:15:38.148 +02:00 [INF] Executing BadRequestObjectResult, writing value of type 'Microsoft.AspNetCore.Mvc.ValidationProblemDetails'.
2024-11-25 15:15:38.151 +02:00 [INF] Executed action API.Controllers.RechargeController.Recharge (BillerServiceApi) in 4.5736ms
2024-11-25 15:15:38.153 +02:00 [INF] Executed endpoint 'API.Controllers.RechargeController.Recharge (BillerServiceApi)'
2024-11-25 15:15:38.158 +02:00 [INF] Request finished HTTP/1.1 POST http://localhost:5122/api/Recharge - 400 null application/json; charset=utf-8 21.724ms
2024-11-25 15:15:51.577 +02:00 [INF] Request starting HTTP/1.1 POST http://localhost:5122/api/Recharge - application/json 51
2024-11-25 15:15:51.582 +02:00 [INF] Executing endpoint 'API.Controllers.RechargeController.Recharge (BillerServiceApi)'
2024-11-25 15:15:51.584 +02:00 [INF] Route matched with {action = "Recharge", controller = "Recharge"}. Executing controller action with signature System.Threading.Tasks.Task`1[Microsoft.AspNetCore.Mvc.IActionResult] Recharge(Core.Entities.RechargeRequest) on controller API.Controllers.RechargeController (BillerServiceApi).
2024-11-25 15:15:51.599 +02:00 [INF] Start processing HTTP request POST http://172.18.170.37:48090/ERechargeOoredoo/ERSTopup
2024-11-25 15:15:51.602 +02:00 [INF] Sending HTTP request POST http://172.18.170.37:48090/ERechargeOoredoo/ERSTopup
2024-11-25 15:16:12.654 +02:00 [INF] Executing BadRequestObjectResult, writing value of type 'Core.Entities.RechargeResponse'.
2024-11-25 15:16:12.658 +02:00 [INF] Executed action API.Controllers.RechargeController.Recharge (BillerServiceApi) in 21068.4007ms
2024-11-25 15:16:12.663 +02:00 [INF] Executed endpoint 'API.Controllers.RechargeController.Recharge (BillerServiceApi)'
2024-11-25 15:16:12.665 +02:00 [INF] Request finished HTTP/1.1 POST http://localhost:5122/api/Recharge - 400 null application/json; charset=utf-8 21088.2205ms
2024-11-25 15:33:58.546 +02:00 [INF] Now listening on: http://localhost:5122
2024-11-25 15:33:58.634 +02:00 [INF] Request starting HTTP/1.1 GET http://localhost:5122/swagger/index.html - null null
2024-11-25 15:33:58.722 +02:00 [INF] Application started. Press Ctrl+C to shut down.
2024-11-25 15:33:58.725 +02:00 [INF] Hosting environment: Development
2024-11-25 15:33:58.727 +02:00 [INF] Content root path: C:\Users\Chisale.s\source\repos\Biller\BillerServiceApi
2024-11-25 15:33:58.950 +02:00 [INF] Request finished HTTP/1.1 GET http://localhost:5122/swagger/index.html - 200 null text/html;charset=utf-8 316.7603ms
2024-11-25 15:33:59.170 +02:00 [INF] Request starting HTTP/1.1 GET http://localhost:5122/_vs/browserLink - null null
2024-11-25 15:33:59.171 +02:00 [INF] Request starting HTTP/1.1 GET http://localhost:5122/_framework/aspnetcore-browser-refresh.js - null null
2024-11-25 15:33:59.180 +02:00 [INF] Request finished HTTP/1.1 GET http://localhost:5122/_framework/aspnetcore-browser-refresh.js - 200 13784 application/javascript; charset=utf-8 8.6741ms
2024-11-25 15:33:59.205 +02:00 [INF] Request finished HTTP/1.1 GET http://localhost:5122/_vs/browserLink - 200 null text/javascript; charset=UTF-8 35.0313ms
2024-11-25 15:33:59.603 +02:00 [INF] Request starting HTTP/1.1 GET http://localhost:5122/swagger/v1/swagger.json - null null
2024-11-25 15:33:59.614 +02:00 [INF] Request finished HTTP/1.1 GET http://localhost:5122/swagger/v1/swagger.json - 200 null application/json;charset=utf-8 11.101ms
2024-11-25 15:34:22.618 +02:00 [INF] Request starting HTTP/1.1 POST http://localhost:5122/api/Recharge - application/json 50
2024-11-25 15:34:22.641 +02:00 [INF] Executing endpoint 'API.Controllers.RechargeController.Recharge (BillerServiceApi)'
2024-11-25 15:34:22.670 +02:00 [INF] Route matched with {action = "Recharge", controller = "Recharge"}. Executing controller action with signature System.Threading.Tasks.Task`1[Microsoft.AspNetCore.Mvc.IActionResult] Recharge(Core.Entities.RechargeRequest) on controller API.Controllers.RechargeController (BillerServiceApi).
2024-11-25 15:34:22.734 +02:00 [INF] Start processing HTTP request POST http://172.18.170.37:48090/ERechargeOoredoo/ERSTopup
2024-11-25 15:34:22.738 +02:00 [INF] Sending HTTP request POST http://172.18.170.37:48090/ERechargeOoredoo/ERSTopup
2024-11-25 15:34:43.817 +02:00 [INF] Executing BadRequestObjectResult, writing value of type 'Core.Entities.RechargeResponse'.
2024-11-25 15:34:43.829 +02:00 [INF] Executed action API.Controllers.RechargeController.Recharge (BillerServiceApi) in 21149.839ms
2024-11-25 15:34:43.832 +02:00 [INF] Executed endpoint 'API.Controllers.RechargeController.Recharge (BillerServiceApi)'
2024-11-25 15:34:43.835 +02:00 [INF] Request finished HTTP/1.1 POST http://localhost:5122/api/Recharge - 400 null application/json; charset=utf-8 21215.9045ms
2024-11-25 15:44:42.928 +02:00 [INF] Now listening on: http://localhost:5122
2024-11-25 15:44:43.113 +02:00 [INF] Application started. Press Ctrl+C to shut down.
2024-11-25 15:44:43.117 +02:00 [INF] Hosting environment: Development
2024-11-25 15:44:43.118 +02:00 [INF] Content root path: C:\Users\Chisale.s\source\repos\Biller\BillerServiceApi
2024-11-25 15:44:43.392 +02:00 [INF] Request starting HTTP/1.1 GET http://localhost:5122/swagger/index.html - null null
2024-11-25 15:44:43.658 +02:00 [INF] Request finished HTTP/1.1 GET http://localhost:5122/swagger/index.html - 200 null text/html;charset=utf-8 266.9392ms
2024-11-25 15:44:43.666 +02:00 [INF] Request starting HTTP/1.1 GET http://localhost:5122/_framework/aspnetcore-browser-refresh.js - null null
2024-11-25 15:44:43.666 +02:00 [INF] Request starting HTTP/1.1 GET http://localhost:5122/_vs/browserLink - null null
2024-11-25 15:44:43.675 +02:00 [INF] Request finished HTTP/1.1 GET http://localhost:5122/_framework/aspnetcore-browser-refresh.js - 200 13784 application/javascript; charset=utf-8 8.4384ms
2024-11-25 15:44:43.702 +02:00 [INF] Request finished HTTP/1.1 GET http://localhost:5122/_vs/browserLink - 200 null text/javascript; charset=UTF-8 35.3573ms
2024-11-25 15:44:43.916 +02:00 [INF] Request starting HTTP/1.1 GET http://localhost:5122/swagger/v1/swagger.json - null null
2024-11-25 15:44:43.940 +02:00 [INF] Request finished HTTP/1.1 GET http://localhost:5122/swagger/v1/swagger.json - 200 null application/json;charset=utf-8 24.5731ms
2024-11-25 15:45:04.959 +02:00 [INF] Request starting HTTP/1.1 POST http://localhost:5122/api/Recharge - application/json 50
2024-11-25 15:45:04.984 +02:00 [INF] Executing endpoint 'API.Controllers.RechargeController.Recharge (BillerServiceApi)'
2024-11-25 15:45:05.011 +02:00 [INF] Route matched with {action = "Recharge", controller = "Recharge"}. Executing controller action with signature System.Threading.Tasks.Task`1[Microsoft.AspNetCore.Mvc.IActionResult] Recharge(Core.Entities.RechargeRequest) on controller API.Controllers.RechargeController (BillerServiceApi).
2024-11-25 15:45:05.089 +02:00 [INF] Start processing HTTP request POST http://172.18.170.37:48090/ERechargeOoredoo/ERSTopup
2024-11-25 15:45:05.093 +02:00 [INF] Sending HTTP request POST http://172.18.170.37:48090/ERechargeOoredoo/ERSTopup
2024-11-25 15:45:26.134 +02:00 [INF] Executing BadRequestObjectResult, writing value of type 'Core.Entities.RechargeResponse'.
2024-11-25 15:45:26.147 +02:00 [INF] Executed action API.Controllers.RechargeController.Recharge (BillerServiceApi) in 21127.3765ms
2024-11-25 15:45:26.151 +02:00 [INF] Executed endpoint 'API.Controllers.RechargeController.Recharge (BillerServiceApi)'
2024-11-25 15:45:26.153 +02:00 [INF] Request finished HTTP/1.1 POST http://localhost:5122/api/Recharge - 400 null application/json; charset=utf-8 21193.5406ms
2024-11-25 15:45:45.604 +02:00 [INF] Now listening on: http://localhost:5122
2024-11-25 15:45:45.788 +02:00 [INF] Application started. Press Ctrl+C to shut down.
2024-11-25 15:45:45.787 +02:00 [INF] Request starting HTTP/1.1 GET http://localhost:5122/swagger/index.html - null null
2024-11-25 15:45:45.791 +02:00 [INF] Hosting environment: Development
2024-11-25 15:45:45.796 +02:00 [INF] Content root path: C:\Users\Chisale.s\source\repos\Biller\BillerServiceApi
2024-11-25 15:45:46.065 +02:00 [INF] Request finished HTTP/1.1 GET http://localhost:5122/swagger/index.html - 200 null text/html;charset=utf-8 279.3864ms
2024-11-25 15:45:46.234 +02:00 [INF] Request starting HTTP/1.1 GET http://localhost:5122/_framework/aspnetcore-browser-refresh.js - null null
2024-11-25 15:45:46.234 +02:00 [INF] Request starting HTTP/1.1 GET http://localhost:5122/_vs/browserLink - null null
2024-11-25 15:45:46.241 +02:00 [INF] Request finished HTTP/1.1 GET http://localhost:5122/_framework/aspnetcore-browser-refresh.js - 200 13784 application/javascript; charset=utf-8 6.6686ms
2024-11-25 15:45:46.269 +02:00 [INF] Request finished HTTP/1.1 GET http://localhost:5122/_vs/browserLink - 200 null text/javascript; charset=UTF-8 34.6668ms
2024-11-25 15:45:46.332 +02:00 [INF] Request starting HTTP/1.1 GET http://localhost:5122/swagger/v1/swagger.json - null null
2024-11-25 15:45:46.358 +02:00 [INF] Request finished HTTP/1.1 GET http://localhost:5122/swagger/v1/swagger.json - 200 null application/json;charset=utf-8 25.3881ms
2024-11-25 15:46:06.819 +02:00 [INF] Request starting HTTP/1.1 POST http://localhost:5122/api/Recharge - application/json 50
2024-11-25 15:46:06.844 +02:00 [INF] Executing endpoint 'API.Controllers.RechargeController.Recharge (BillerServiceApi)'
2024-11-25 15:46:06.871 +02:00 [INF] Route matched with {action = "Recharge", controller = "Recharge"}. Executing controller action with signature System.Threading.Tasks.Task`1[Microsoft.AspNetCore.Mvc.IActionResult] Recharge(Core.Entities.RechargeRequest) on controller API.Controllers.RechargeController (BillerServiceApi).
2024-11-25 15:46:06.936 +02:00 [INF] Start processing HTTP request POST http://172.18.170.37:48090/ERechargeOoredoo/ERSTopup
2024-11-25 15:46:06.939 +02:00 [INF] Sending HTTP request POST http://172.18.170.37:48090/ERechargeOoredoo/ERSTopup
2024-11-25 15:46:28.026 +02:00 [INF] Executing OkObjectResult, writing value of type '<>f__AnonymousType0`5[[System.String, System.Private.CoreLib, Version=8.0.0.0, Culture=neutral, PublicKeyToken=7cec85d7bea7798e],[System.String, System.Private.CoreLib, Version=8.0.0.0, Culture=neutral, PublicKeyToken=7cec85d7bea7798e],[System.String, System.Private.CoreLib, Version=8.0.0.0, Culture=neutral, PublicKeyToken=7cec85d7bea7798e],[System.String, System.Private.CoreLib, Version=8.0.0.0, Culture=neutral, PublicKeyToken=7cec85d7bea7798e],[System.String, System.Private.CoreLib, Version=8.0.0.0, Culture=neutral, PublicKeyToken=7cec85d7bea7798e]]'.
2024-11-25 15:46:28.039 +02:00 [INF] Executed action API.Controllers.RechargeController.Recharge (BillerServiceApi) in 21159.052ms
2024-11-25 15:46:28.042 +02:00 [INF] Executed endpoint 'API.Controllers.RechargeController.Recharge (BillerServiceApi)'
2024-11-25 15:46:28.045 +02:00 [INF] Request finished HTTP/1.1 POST http://localhost:5122/api/Recharge - 200 null application/json; charset=utf-8 21225.1901ms
2024-11-25 15:47:58.036 +02:00 [INF] Now listening on: http://localhost:5122
2024-11-25 15:47:58.185 +02:00 [INF] Application started. Press Ctrl+C to shut down.
2024-11-25 15:47:58.188 +02:00 [INF] Hosting environment: Development
2024-11-25 15:47:58.189 +02:00 [INF] Content root path: C:\Users\Chisale.s\source\repos\Biller\BillerServiceApi
2024-11-25 15:47:58.439 +02:00 [INF] Request starting HTTP/1.1 GET http://localhost:5122/swagger/index.html - null null
2024-11-25 15:47:58.709 +02:00 [INF] Request finished HTTP/1.1 GET http://localhost:5122/swagger/index.html - 200 null text/html;charset=utf-8 270.6635ms
2024-11-25 15:47:58.711 +02:00 [INF] Request starting HTTP/1.1 GET http://localhost:5122/_vs/browserLink - null null
2024-11-25 15:47:58.721 +02:00 [INF] Request starting HTTP/1.1 GET http://localhost:5122/_framework/aspnetcore-browser-refresh.js - null null
2024-11-25 15:47:58.729 +02:00 [INF] Request finished HTTP/1.1 GET http://localhost:5122/_framework/aspnetcore-browser-refresh.js - 200 13784 application/javascript; charset=utf-8 7.5157ms
2024-11-25 15:47:58.757 +02:00 [INF] Request finished HTTP/1.1 GET http://localhost:5122/_vs/browserLink - 200 null text/javascript; charset=UTF-8 45.6607ms
2024-11-25 15:47:58.793 +02:00 [INF] Request starting HTTP/1.1 GET http://localhost:5122/swagger/v1/swagger.json - null null
2024-11-25 15:47:58.810 +02:00 [INF] Request finished HTTP/1.1 GET http://localhost:5122/swagger/v1/swagger.json - 200 null application/json;charset=utf-8 16.344ms
2024-11-25 15:48:15.556 +02:00 [INF] Request starting HTTP/1.1 POST http://localhost:5122/api/Recharge - application/json 48
2024-11-25 15:48:15.584 +02:00 [INF] Executing endpoint 'API.Controllers.RechargeController.Recharge (BillerServiceApi)'
2024-11-25 15:48:15.615 +02:00 [INF] Route matched with {action = "Recharge", controller = "Recharge"}. Executing controller action with signature System.Threading.Tasks.Task`1[Microsoft.AspNetCore.Mvc.IActionResult] Recharge(Core.Entities.RechargeRequest) on controller API.Controllers.RechargeController (BillerServiceApi).
2024-11-25 15:48:15.690 +02:00 [INF] Start processing HTTP request POST http://172.18.170.37:48090/ERechargeOoredoo/ERSTopup
2024-11-25 15:48:15.692 +02:00 [INF] Sending HTTP request POST http://172.18.170.37:48090/ERechargeOoredoo/ERSTopup
2024-11-25 15:48:36.746 +02:00 [INF] Executing OkObjectResult, writing value of type '<>f__AnonymousType0`5[[System.String, System.Private.CoreLib, Version=8.0.0.0, Culture=neutral, PublicKeyToken=7cec85d7bea7798e],[System.String, System.Private.CoreLib, Version=8.0.0.0, Culture=neutral, PublicKeyToken=7cec85d7bea7798e],[System.String, System.Private.CoreLib, Version=8.0.0.0, Culture=neutral, PublicKeyToken=7cec85d7bea7798e],[System.String, System.Private.CoreLib, Version=8.0.0.0, Culture=neutral, PublicKeyToken=7cec85d7bea7798e],[System.String, System.Private.CoreLib, Version=8.0.0.0, Culture=neutral, PublicKeyToken=7cec85d7bea7798e]]'.
2024-11-25 15:48:36.758 +02:00 [INF] Executed action API.Controllers.RechargeController.Recharge (BillerServiceApi) in 21134.5622ms
2024-11-25 15:48:36.764 +02:00 [INF] Executed endpoint 'API.Controllers.RechargeController.Recharge (BillerServiceApi)'
2024-11-25 15:48:36.767 +02:00 [INF] Request finished HTTP/1.1 POST http://localhost:5122/api/Recharge - 200 null application/json; charset=utf-8 21210.6899ms
2024-11-25 15:59:58.297 +02:00 [INF] Now listening on: http://localhost:5122
2024-11-25 15:59:58.444 +02:00 [INF] Application started. Press Ctrl+C to shut down.
2024-11-25 15:59:58.446 +02:00 [INF] Hosting environment: Development
2024-11-25 15:59:58.449 +02:00 [INF] Content root path: C:\Users\Chisale.s\source\repos\Biller\BillerServiceApi
2024-11-25 15:59:58.771 +02:00 [INF] Request starting HTTP/1.1 GET http://localhost:5122/swagger/index.html - null null
2024-11-25 15:59:59.045 +02:00 [INF] Request finished HTTP/1.1 GET http://localhost:5122/swagger/index.html - 200 null text/html;charset=utf-8 274.0213ms
2024-11-25 15:59:59.053 +02:00 [INF] Request starting HTTP/1.1 GET http://localhost:5122/_framework/aspnetcore-browser-refresh.js - null null
2024-11-25 15:59:59.053 +02:00 [INF] Request starting HTTP/1.1 GET http://localhost:5122/_vs/browserLink - null null
2024-11-25 15:59:59.059 +02:00 [INF] Request finished HTTP/1.1 GET http://localhost:5122/_framework/aspnetcore-browser-refresh.js - 200 13784 application/javascript; charset=utf-8 6.093ms
2024-11-25 15:59:59.087 +02:00 [INF] Request finished HTTP/1.1 GET http://localhost:5122/_vs/browserLink - 200 null text/javascript; charset=UTF-8 33.9452ms
2024-11-25 15:59:59.155 +02:00 [INF] Request starting HTTP/1.1 GET http://localhost:5122/swagger/v1/swagger.json - null null
2024-11-25 15:59:59.165 +02:00 [INF] Request finished HTTP/1.1 GET http://localhost:5122/swagger/v1/swagger.json - 200 null application/json;charset=utf-8 10.4196ms
2024-11-25 16:00:22.441 +02:00 [INF] Request starting HTTP/1.1 POST http://localhost:5122/api/Recharge - application/json 51
2024-11-25 16:00:22.465 +02:00 [INF] Executing endpoint 'API.Controllers.RechargeController.Recharge (BillerServiceApi)'
2024-11-25 16:00:22.493 +02:00 [INF] Route matched with {action = "Recharge", controller = "Recharge"}. Executing controller action with signature System.Threading.Tasks.Task`1[Microsoft.AspNetCore.Mvc.IActionResult] Recharge(Core.Entities.RechargeRequest) on controller API.Controllers.RechargeController (BillerServiceApi).
2024-11-25 16:00:22.559 +02:00 [INF] Start processing HTTP request POST http://172.18.170.37:48090/ERechargeOoredoo/ERSTopup
2024-11-25 16:00:22.564 +02:00 [INF] Sending HTTP request POST http://172.18.170.37:48090/ERechargeOoredoo/ERSTopup
2024-11-25 16:00:43.615 +02:00 [INF] Executing BadRequestObjectResult, writing value of type '<>f__AnonymousType0`1[[System.String, System.Private.CoreLib, Version=8.0.0.0, Culture=neutral, PublicKeyToken=7cec85d7bea7798e]]'.
2024-11-25 16:00:43.630 +02:00 [INF] Executed action API.Controllers.RechargeController.Recharge (BillerServiceApi) in 21128.4607ms
2024-11-25 16:00:43.633 +02:00 [INF] Executed endpoint 'API.Controllers.RechargeController.Recharge (BillerServiceApi)'
2024-11-25 16:00:43.637 +02:00 [INF] Request finished HTTP/1.1 POST http://localhost:5122/api/Recharge - 400 null application/json; charset=utf-8 21196.1473ms
2024-11-25 16:04:21.833 +02:00 [INF] Request starting HTTP/1.1 GET http://localhost:5122/swagger/index.html - null null
2024-11-25 16:04:21.847 +02:00 [INF] Request finished HTTP/1.1 GET http://localhost:5122/swagger/index.html - 200 null text/html;charset=utf-8 14.6326ms
2024-11-25 16:04:21.865 +02:00 [INF] Request starting HTTP/1.1 GET http://localhost:5122/_framework/aspnetcore-browser-refresh.js - null null
2024-11-25 16:04:21.865 +02:00 [INF] Request starting HTTP/1.1 GET http://localhost:5122/_vs/browserLink - null null
2024-11-25 16:04:21.868 +02:00 [INF] Request finished HTTP/1.1 GET http://localhost:5122/_framework/aspnetcore-browser-refresh.js - 200 13784 application/javascript; charset=utf-8 3.3187ms
2024-11-25 16:04:21.885 +02:00 [INF] Request finished HTTP/1.1 GET http://localhost:5122/_vs/browserLink - 200 null text/javascript; charset=UTF-8 19.3829ms
2024-11-25 16:04:21.977 +02:00 [INF] Request starting HTTP/1.1 GET http://localhost:5122/swagger/v1/swagger.json - null null
2024-11-25 16:04:21.999 +02:00 [INF] Request finished HTTP/1.1 GET http://localhost:5122/swagger/v1/swagger.json - 200 null application/json;charset=utf-8 22.5478ms
2024-11-25 16:04:41.942 +02:00 [INF] Request starting HTTP/1.1 POST http://localhost:5122/api/Recharge - application/json 50
2024-11-25 16:04:41.948 +02:00 [INF] Executing endpoint 'API.Controllers.RechargeController.Recharge (BillerServiceApi)'
2024-11-25 16:04:41.950 +02:00 [INF] Route matched with {action = "Recharge", controller = "Recharge"}. Executing controller action with signature System.Threading.Tasks.Task`1[Microsoft.AspNetCore.Mvc.IActionResult] Recharge(Core.Entities.RechargeRequest) on controller API.Controllers.RechargeController (BillerServiceApi).
2024-11-25 16:04:41.959 +02:00 [INF] Start processing HTTP request POST http://172.18.170.37:48090/ERechargeOoredoo/ERSTopup
2024-11-25 16:04:41.966 +02:00 [INF] Sending HTTP request POST http://172.18.170.37:48090/ERechargeOoredoo/ERSTopup
2024-11-25 16:05:03.008 +02:00 [INF] Executing BadRequestObjectResult, writing value of type '<>f__AnonymousType0`1[[System.String, System.Private.CoreLib, Version=8.0.0.0, Culture=neutral, PublicKeyToken=7cec85d7bea7798e]]'.
2024-11-25 16:05:03.011 +02:00 [INF] Executed action API.Controllers.RechargeController.Recharge (BillerServiceApi) in 21057.7273ms
2024-11-25 16:05:03.014 +02:00 [INF] Executed endpoint 'API.Controllers.RechargeController.Recharge (BillerServiceApi)'
2024-11-25 16:05:03.017 +02:00 [INF] Request finished HTTP/1.1 POST http://localhost:5122/api/Recharge - 400 null application/json; charset=utf-8 21074.2266ms
2024-11-25 16:17:10.987 +02:00 [INF] Now listening on: http://localhost:5122
2024-11-25 16:17:11.056 +02:00 [INF] Request starting HTTP/1.1 GET http://localhost:5122/swagger/index.html - null null
2024-11-25 16:17:11.161 +02:00 [INF] Application started. Press Ctrl+C to shut down.
2024-11-25 16:17:11.163 +02:00 [INF] Hosting environment: Development
2024-11-25 16:17:11.164 +02:00 [INF] Content root path: C:\Users\Chisale.s\source\repos\Biller\BillerServiceApi
2024-11-25 16:17:11.335 +02:00 [INF] Request finished HTTP/1.1 GET http://localhost:5122/swagger/index.html - 200 null text/html;charset=utf-8 279.8267ms
2024-11-25 16:17:11.341 +02:00 [INF] Request starting HTTP/1.1 GET http://localhost:5122/_framework/aspnetcore-browser-refresh.js - null null
2024-11-25 16:17:11.345 +02:00 [INF] Request starting HTTP/1.1 GET http://localhost:5122/_vs/browserLink - null null
2024-11-25 16:17:11.347 +02:00 [INF] Request finished HTTP/1.1 GET http://localhost:5122/_framework/aspnetcore-browser-refresh.js - 200 13784 application/javascript; charset=utf-8 5.3225ms
2024-11-25 16:17:11.376 +02:00 [INF] Request finished HTTP/1.1 GET http://localhost:5122/_vs/browserLink - 200 null text/javascript; charset=UTF-8 30.6677ms
2024-11-25 16:17:11.447 +02:00 [INF] Request starting HTTP/1.1 GET http://localhost:5122/swagger/v1/swagger.json - null null
2024-11-25 16:17:11.458 +02:00 [INF] Request finished HTTP/1.1 GET http://localhost:5122/swagger/v1/swagger.json - 200 null application/json;charset=utf-8 10.5053ms
2024-11-25 16:28:06.441 +02:00 [INF] Now listening on: http://localhost:5122
2024-11-25 16:28:06.593 +02:00 [INF] Application started. Press Ctrl+C to shut down.
2024-11-25 16:28:06.595 +02:00 [INF] Hosting environment: Development
2024-11-25 16:28:06.597 +02:00 [INF] Content root path: C:\Users\Chisale.s\source\repos\Biller\BillerServiceApi
2024-11-25 16:28:06.789 +02:00 [INF] Request starting HTTP/1.1 GET http://localhost:5122/swagger/index.html - null null
2024-11-25 16:28:07.249 +02:00 [INF] Request finished HTTP/1.1 GET http://localhost:5122/swagger/index.html - 200 null text/html;charset=utf-8 462.0376ms
2024-11-25 16:28:07.289 +02:00 [INF] Request starting HTTP/1.1 GET http://localhost:5122/_framework/aspnetcore-browser-refresh.js - null null
2024-11-25 16:28:07.289 +02:00 [INF] Request starting HTTP/1.1 GET http://localhost:5122/_vs/browserLink - null null
2024-11-25 16:28:07.296 +02:00 [INF] Request finished HTTP/1.1 GET http://localhost:5122/_framework/aspnetcore-browser-refresh.js - 200 13784 application/javascript; charset=utf-8 6.8334ms
2024-11-25 16:28:07.325 +02:00 [INF] Request finished HTTP/1.1 GET http://localhost:5122/_vs/browserLink - 200 null text/javascript; charset=UTF-8 35.691ms
2024-11-25 16:28:07.416 +02:00 [INF] Request starting HTTP/1.1 GET http://localhost:5122/swagger/v1/swagger.json - null null
2024-11-25 16:28:07.427 +02:00 [INF] Request finished HTTP/1.1 GET http://localhost:5122/swagger/v1/swagger.json - 200 null application/json;charset=utf-8 10.971ms
2024-11-25 16:28:16.771 +02:00 [INF] Request starting HTTP/1.1 GET http://localhost:5122/swagger/index.html - null null
2024-11-25 16:28:16.783 +02:00 [INF] Request finished HTTP/1.1 GET http://localhost:5122/swagger/index.html - 200 null text/html;charset=utf-8 12.9791ms
2024-11-25 16:28:16.798 +02:00 [INF] Request starting HTTP/1.1 GET http://localhost:5122/_vs/browserLink - null null
2024-11-25 16:28:16.802 +02:00 [INF] Request starting HTTP/1.1 GET http://localhost:5122/_framework/aspnetcore-browser-refresh.js - null null
2024-11-25 16:28:16.805 +02:00 [INF] Request finished HTTP/1.1 GET http://localhost:5122/_framework/aspnetcore-browser-refresh.js - 200 13784 application/javascript; charset=utf-8 3.584ms
2024-11-25 16:28:16.826 +02:00 [INF] Request finished HTTP/1.1 GET http://localhost:5122/_vs/browserLink - 200 null text/javascript; charset=UTF-8 28.1196ms
2024-11-25 16:28:16.905 +02:00 [INF] Request starting HTTP/1.1 GET http://localhost:5122/swagger/v1/swagger.json - null null
2024-11-25 16:28:16.916 +02:00 [INF] Request finished HTTP/1.1 GET http://localhost:5122/swagger/v1/swagger.json - 200 null application/json;charset=utf-8 11.1669ms
2024-11-25 16:32:14.211 +02:00 [INF] Now listening on: http://localhost:5122
2024-11-25 16:32:14.377 +02:00 [INF] Application started. Press Ctrl+C to shut down.
2024-11-25 16:32:14.380 +02:00 [INF] Hosting environment: Development
2024-11-25 16:32:14.381 +02:00 [INF] Content root path: C:\Users\Chisale.s\source\repos\Biller\BillerServiceApi
2024-11-25 16:32:14.626 +02:00 [INF] Request starting HTTP/1.1 GET http://localhost:5122/swagger/index.html - null null
2024-11-25 16:32:14.910 +02:00 [INF] Request finished HTTP/1.1 GET http://localhost:5122/swagger/index.html - 200 null text/html;charset=utf-8 285.0191ms
2024-11-25 16:32:14.922 +02:00 [INF] Request starting HTTP/1.1 GET http://localhost:5122/_vs/browserLink - null null
2024-11-25 16:32:14.926 +02:00 [INF] Request starting HTTP/1.1 GET http://localhost:5122/_framework/aspnetcore-browser-refresh.js - null null
2024-11-25 16:32:14.938 +02:00 [INF] Request finished HTTP/1.1 GET http://localhost:5122/_framework/aspnetcore-browser-refresh.js - 200 13784 application/javascript; charset=utf-8 12.3571ms
2024-11-25 16:32:14.956 +02:00 [INF] Request finished HTTP/1.1 GET http://localhost:5122/_vs/browserLink - 200 null text/javascript; charset=UTF-8 34.6601ms
2024-11-25 16:32:15.062 +02:00 [INF] Request starting HTTP/1.1 GET http://localhost:5122/swagger/v1/swagger.json - null null
2024-11-25 16:32:15.074 +02:00 [INF] Request finished HTTP/1.1 GET http://localhost:5122/swagger/v1/swagger.json - 200 null application/json;charset=utf-8 11.2328ms
2024-11-25 16:32:40.878 +02:00 [INF] Request starting HTTP/1.1 POST http://localhost:5122/api/Recharge - application/json 50
2024-11-25 16:32:40.939 +02:00 [INF] Executing endpoint 'API.Controllers.RechargeController.Recharge (BillerServiceApi)'
2024-11-25 16:32:41.035 +02:00 [INF] Route matched with {action = "Recharge", controller = "Recharge"}. Executing controller action with signature System.Threading.Tasks.Task`1[Microsoft.AspNetCore.Mvc.IActionResult] Recharge(RechargeRequest) on controller API.Controllers.RechargeController (BillerServiceApi).
2024-11-25 16:32:41.256 +02:00 [INF] Start processing HTTP request POST http://172.18.170.37:48090/ERechargeOoredoo/ERSTopup
2024-11-25 16:32:41.281 +02:00 [INF] Sending HTTP request POST http://172.18.170.37:48090/ERechargeOoredoo/ERSTopup
2024-11-25 16:33:02.510 +02:00 [INF] Executing BadRequestObjectResult, writing value of type '<>f__AnonymousType0`1[[System.String, System.Private.CoreLib, Version=8.0.0.0, Culture=neutral, PublicKeyToken=7cec85d7bea7798e]]'.
2024-11-25 16:33:02.524 +02:00 [INF] Executed action API.Controllers.RechargeController.Recharge (BillerServiceApi) in 21479.5258ms
2024-11-25 16:33:02.528 +02:00 [INF] Executed endpoint 'API.Controllers.RechargeController.Recharge (BillerServiceApi)'
2024-11-25 16:33:02.530 +02:00 [INF] Request finished HTTP/1.1 POST http://localhost:5122/api/Recharge - 400 null application/json; charset=utf-8 21652.5056ms
2024-11-25 16:41:00.687 +02:00 [INF] Now listening on: http://localhost:5122
2024-11-25 16:41:00.774 +02:00 [INF] Request starting HTTP/1.1 GET http://localhost:5122/swagger/index.html - null null
2024-11-25 16:41:00.885 +02:00 [INF] Application started. Press Ctrl+C to shut down.
2024-11-25 16:41:00.888 +02:00 [INF] Hosting environment: Development
2024-11-25 16:41:00.889 +02:00 [INF] Content root path: C:\Users\Chisale.s\source\repos\Biller\BillerServiceApi
2024-11-25 16:41:01.123 +02:00 [INF] Request finished HTTP/1.1 GET http://localhost:5122/swagger/index.html - 200 null text/html;charset=utf-8 349.3382ms
2024-11-25 16:41:01.132 +02:00 [INF] Request starting HTTP/1.1 GET http://localhost:5122/_framework/aspnetcore-browser-refresh.js - null null
2024-11-25 16:41:01.133 +02:00 [INF] Request starting HTTP/1.1 GET http://localhost:5122/_vs/browserLink - null null
2024-11-25 16:41:01.136 +02:00 [INF] Request finished HTTP/1.1 GET http://localhost:5122/_framework/aspnetcore-browser-refresh.js - 200 13784 application/javascript; charset=utf-8 4.636ms
2024-11-25 16:41:01.168 +02:00 [INF] Request finished HTTP/1.1 GET http://localhost:5122/_vs/browserLink - 200 null text/javascript; charset=UTF-8 34.9576ms
2024-11-25 16:41:01.625 +02:00 [INF] Request starting HTTP/1.1 GET http://localhost:5122/swagger/v1/swagger.json - null null
2024-11-25 16:41:01.639 +02:00 [INF] Request finished HTTP/1.1 GET http://localhost:5122/swagger/v1/swagger.json - 200 null application/json;charset=utf-8 13.6398ms
2024-11-25 16:47:03.462 +02:00 [INF] Now listening on: http://localhost:5122
2024-11-25 16:47:03.611 +02:00 [INF] Application started. Press Ctrl+C to shut down.
2024-11-25 16:47:03.613 +02:00 [INF] Hosting environment: Development
2024-11-25 16:47:03.615 +02:00 [INF] Content root path: C:\Users\Chisale.s\source\repos\Biller\BillerServiceApi
2024-11-25 16:47:03.895 +02:00 [INF] Request starting HTTP/1.1 GET http://localhost:5122/swagger/index.html - null null
2024-11-25 16:47:04.322 +02:00 [INF] Request finished HTTP/1.1 GET http://localhost:5122/swagger/index.html - 200 null text/html;charset=utf-8 427.2342ms
2024-11-25 16:47:04.332 +02:00 [INF] Request starting HTTP/1.1 GET http://localhost:5122/_vs/browserLink - null null
2024-11-25 16:47:04.334 +02:00 [INF] Request starting HTTP/1.1 GET http://localhost:5122/_framework/aspnetcore-browser-refresh.js - null null
2024-11-25 16:47:04.341 +02:00 [INF] Request finished HTTP/1.1 GET http://localhost:5122/_framework/aspnetcore-browser-refresh.js - 200 13784 application/javascript; charset=utf-8 6.2134ms
2024-11-25 16:47:04.367 +02:00 [INF] Request finished HTTP/1.1 GET http://localhost:5122/_vs/browserLink - 200 null text/javascript; charset=UTF-8 34.9588ms
2024-11-25 16:47:04.441 +02:00 [INF] Request starting HTTP/1.1 GET http://localhost:5122/swagger/v1/swagger.json - null null
2024-11-25 16:47:04.453 +02:00 [INF] Request finished HTTP/1.1 GET http://localhost:5122/swagger/v1/swagger.json - 200 null application/json;charset=utf-8 12.2824ms
2024-11-25 16:47:32.445 +02:00 [INF] Now listening on: http://localhost:5122
2024-11-25 16:47:32.595 +02:00 [INF] Application started. Press Ctrl+C to shut down.
2024-11-25 16:47:32.597 +02:00 [INF] Hosting environment: Development
2024-11-25 16:47:32.598 +02:00 [INF] Content root path: C:\Users\Chisale.s\source\repos\Biller\BillerServiceApi
2024-11-25 16:47:32.951 +02:00 [INF] Request starting HTTP/1.1 GET http://localhost:5122/swagger/index.html - null null
2024-11-25 16:47:33.230 +02:00 [INF] Request finished HTTP/1.1 GET http://localhost:5122/swagger/index.html - 200 null text/html;charset=utf-8 279.7916ms
2024-11-25 16:47:33.233 +02:00 [INF] Request starting HTTP/1.1 GET http://localhost:5122/_vs/browserLink - null null
2024-11-25 16:47:33.242 +02:00 [INF] Request starting HTTP/1.1 GET http://localhost:5122/_framework/aspnetcore-browser-refresh.js - null null
2024-11-25 16:47:33.248 +02:00 [INF] Request finished HTTP/1.1 GET http://localhost:5122/_framework/aspnetcore-browser-refresh.js - 200 13784 application/javascript; charset=utf-8 5.6077ms
2024-11-25 16:47:33.275 +02:00 [INF] Request finished HTTP/1.1 GET http://localhost:5122/_vs/browserLink - 200 null text/javascript; charset=UTF-8 42.1305ms
2024-11-25 16:47:33.350 +02:00 [INF] Request starting HTTP/1.1 GET http://localhost:5122/swagger/v1/swagger.json - null null
2024-11-25 16:47:33.368 +02:00 [INF] Request finished HTTP/1.1 GET http://localhost:5122/swagger/v1/swagger.json - 200 null application/json;charset=utf-8 18.3333ms
2024-11-25 16:47:55.398 +02:00 [INF] Request starting HTTP/1.1 POST http://localhost:5122/api/Recharge - application/json 50
2024-11-25 16:47:55.425 +02:00 [INF] Executing endpoint 'API.Controllers.RechargeController.Recharge (BillerServiceApi)'
2024-11-25 16:47:55.456 +02:00 [INF] Route matched with {action = "Recharge", controller = "Recharge"}. Executing controller action with signature System.Threading.Tasks.Task`1[Microsoft.AspNetCore.Mvc.IActionResult] Recharge(RechargeRequest) on controller API.Controllers.RechargeController (BillerServiceApi).
2024-11-25 16:47:55.527 +02:00 [INF] Start processing HTTP request POST http://172.18.170.37:48090/ERechargeOoredoo/ERSTopup
2024-11-25 16:47:55.531 +02:00 [INF] Sending HTTP request POST http://172.18.170.37:48090/ERechargeOoredoo/ERSTopup
2024-11-25 16:48:16.584 +02:00 [INF] Executing BadRequestObjectResult, writing value of type '<>f__AnonymousType0`1[[System.String, System.Private.CoreLib, Version=8.0.0.0, Culture=neutral, PublicKeyToken=7cec85d7bea7798e]]'.
2024-11-25 16:48:16.597 +02:00 [INF] Executed action API.Controllers.RechargeController.Recharge (BillerServiceApi) in 21132.8235ms
2024-11-25 16:48:16.602 +02:00 [INF] Executed endpoint 'API.Controllers.RechargeController.Recharge (BillerServiceApi)'
2024-11-25 16:48:16.604 +02:00 [INF] Request finished HTTP/1.1 POST http://localhost:5122/api/Recharge - 400 null application/json; charset=utf-8 21206.2398ms
